<?xml version="1.0" encoding="UTF-8"?>
<testsuite xmlns:xsi="http://www.w3.org/2001/XMLSchema-instance" xsi:noNamespaceSchemaLocation="https://maven.apache.org/surefire/maven-surefire-plugin/xsd/surefire-test-report-3.0.xsd" version="3.0" name="TestSuite" time="391.044" tests="11" errors="0" skipped="2" failures="3">
  <properties>
[...]
</properties>
  <testcase name="dependenciesLinkClick" classname="com.apmdemo.testcases.Preference_dependenciesTest" time="2.884">
    <system-out><![CDATA[&amp#27;[35m[Appium]&amp#27;[39m Welcome to Appium v1.22.2
&amp#27;[35m[Appium]&amp#27;[39m Appium REST http interface listener started on 0.0.0.0:4723
&amp#27;[35m[HTTP]&amp#27;[39m &amp#27;[37m-->&amp#27;[39m &amp#27;[37mGET&amp#27;[39m &amp#27;[37m/wd/hub/status&amp#27;[39m
&amp#27;[35m[HTTP]&amp#27;[39m &amp#27;[90m{}&amp#27;[39m
[debug] &amp#27;[35m[GENERIC]&amp#27;[39m Calling AppiumDriver.getStatus() with args: []
[debug] &amp#27;[35m[GENERIC]&amp#27;[39m Responding to client with driver.getStatus() result: {"build":{"version":"1.22.2"}}
&amp#27;[35m[HTTP]&amp#27;[39m &amp#27;[37m<-- GET /wd/hub/status &amp#27;[39m&amp#27;[32m200&amp#27;[39m &amp#27;[90m11 ms - 68&amp#27;[39m
&amp#27;[35m[HTTP]&amp#27;[39m &amp#27;[90m&amp#27;[39m
[debug] &amp#27;[35m[HTTP]&amp#27;[39m Request idempotency key: 3e1617a5-86c6-498d-80fa-80696e9519ea
&amp#27;[35m[HTTP]&amp#27;[39m &amp#27;[37m-->&amp#27;[39m &amp#27;[37mPOST&amp#27;[39m &amp#27;[37m/wd/hub/session&amp#27;[39m
&amp#27;[35m[HTTP]&amp#27;[39m &amp#27;[90m{"desiredCapabilities":{"app":"C:\\Users\\admin\\eclipse-workspace\\AppiumFramework\\src\\ApiDemos-debug.apk","noReset":true,"newCommandTimeout":15,"automationName":"uiautomator2","platformName":"Android","deviceName":"Real device "},"capabilities":{"firstMatch":[{"appium:app":"C:\\Users\\admin\\eclipse-workspace\\AppiumFramework\\src\\ApiDemos-debug.apk","appium:automationName":"uiautomator2","appium:deviceName":"Real device ","appium:newCommandTimeout":15,"appium:noReset":true,"platformName":"android"}]}}&amp#27;[39m
[debug] &amp#27;[35m[W3C]&amp#27;[39m Calling AppiumDriver.createSession() with args: [{"app":"C:\\Users\\admin\\eclipse-workspace\\AppiumFramework\\src\\ApiDemos-debug.apk","noReset":true,"newCommandTimeout":15,"automationName":"uiautomator2","platformName":"Android","deviceName":"Real device "},null,{"firstMatch":[{"appium:app":"C:\\Users\\admin\\eclipse-workspace\\AppiumFramework\\src\\ApiDemos-debug.apk","appium:automationName":"uiautomator2","appium:deviceName":"Real device ","appium:newCommandTimeout":15,"appium:noReset":true,"platformName":"android"}]}]
[debug] &amp#27;[35m[BaseDriver]&amp#27;[39m Event 'newSessionRequested' logged at 1656670212988 (15:40:12 GMT+0530 (India Standard Time))
&amp#27;[35m[Appium]&amp#27;[39m Appium v1.22.2 creating new AndroidUiautomator2Driver (v1.70.1) session
[debug] &amp#27;[35m[BaseDriver]&amp#27;[39m W3C capabilities and MJSONWP desired capabilities were provided
[debug] &amp#27;[35m[BaseDriver]&amp#27;[39m Creating session with W3C capabilities: {
[debug] &amp#27;[35m[BaseDriver]&amp#27;[39m   "alwaysMatch": {
[debug] &amp#27;[35m[BaseDriver]&amp#27;[39m     "platformName": "android",
[debug] &amp#27;[35m[BaseDriver]&amp#27;[39m     "appium:app": "C:\\Users\\admin\\eclipse-workspace\\AppiumFramework\\src\\ApiDemos-debug.apk",
[debug] &amp#27;[35m[BaseDriver]&amp#27;[39m     "appium:automationName": "uiautomator2",
[debug] &amp#27;[35m[BaseDriver]&amp#27;[39m     "appium:deviceName": "Real device ",
[debug] &amp#27;[35m[BaseDriver]&amp#27;[39m     "appium:newCommandTimeout": 15,
[debug] &amp#27;[35m[BaseDriver]&amp#27;[39m     "appium:noReset": true
[debug] &amp#27;[35m[BaseDriver]&amp#27;[39m   },
[debug] &amp#27;[35m[BaseDriver]&amp#27;[39m   "firstMatch": [
[debug] &amp#27;[35m[BaseDriver]&amp#27;[39m     {}
[debug] &amp#27;[35m[BaseDriver]&amp#27;[39m   ]
[debug] &amp#27;[35m[BaseDriver]&amp#27;[39m }
&amp#27;[35m[BaseDriver]&amp#27;[39m Session created with session id: 49be007a-4dec-4791-aeb9-826b289ab962
&amp#27;[35m[BaseDriver]&amp#27;[39m Using local app 'C:\Users\admin\eclipse-workspace\AppiumFramework\src\ApiDemos-debug.apk'
[debug] &amp#27;[35m[UiAutomator2]&amp#27;[39m Checking whether app is actually present
&amp#27;[35m[ADB]&amp#27;[39m Found 2 'build-tools' folders under 'C:\Users\admin\AppData\Local\Android\Sdk' (newest first):
&amp#27;[35m[ADB]&amp#27;[39m     C:/Users/admin/AppData/Local/Android/Sdk/build-tools/32.1.0-rc1
&amp#27;[35m[ADB]&amp#27;[39m     C:/Users/admin/AppData/Local/Android/Sdk/build-tools/32.0.0
&amp#27;[35m[ADB]&amp#27;[39m Using 'adb.exe' from 'C:\Users\admin\AppData\Local\Android\Sdk\platform-tools\adb.exe'
[debug] &amp#27;[35m[ADB]&amp#27;[39m Running 'C:\Users\admin\AppData\Local\Android\Sdk\platform-tools\adb.exe -P 5037 start-server'
&amp#27;[35m[AndroidDriver]&amp#27;[39m Retrieving device list
[debug] &amp#27;[35m[ADB]&amp#27;[39m Trying to find a connected android device
[debug] &amp#27;[35m[ADB]&amp#27;[39m Getting connected devices
[debug] &amp#27;[35m[ADB]&amp#27;[39m Connected devices: [{"udid":"4200f5fdaa5e442f","state":"device"}]
&amp#27;[35m[AndroidDriver]&amp#27;[39m Using device: 4200f5fdaa5e442f
&amp#27;[35m[ADB]&amp#27;[39m Using 'adb.exe' from 'C:\Users\admin\AppData\Local\Android\Sdk\platform-tools\adb.exe'
[debug] &amp#27;[35m[ADB]&amp#27;[39m Running 'C:\Users\admin\AppData\Local\Android\Sdk\platform-tools\adb.exe -P 5037 start-server'
[debug] &amp#27;[35m[ADB]&amp#27;[39m Setting device id to 4200f5fdaa5e442f
[debug] &amp#27;[35m[ADB]&amp#27;[39m Running 'C:\Users\admin\AppData\Local\Android\Sdk\platform-tools\adb.exe -P 5037 -s 4200f5fdaa5e442f shell getprop ro.build.version.sdk'
[debug] &amp#27;[35m[ADB]&amp#27;[39m Current device property 'ro.build.version.sdk': 25
[debug] &amp#27;[35m[ADB]&amp#27;[39m Device API level: 25
[debug] &amp#27;[35m[AndroidDriver]&amp#27;[39m Parsing package and activity from app manifest
&amp#27;[35m[ADB]&amp#27;[39m Package name: 'io.appium.android.apis'
&amp#27;[35m[ADB]&amp#27;[39m Main activity name: 'ApiDemos'
[debug] &amp#27;[35m[AndroidDriver]&amp#27;[39m Parsed package and activity are: io.appium.android.apis/ApiDemos
[debug] &amp#27;[35m[ADB]&amp#27;[39m Running 'C:\Users\admin\AppData\Local\Android\Sdk\platform-tools\adb.exe -P 5037 -s 4200f5fdaa5e442f wait-for-device'
[debug] &amp#27;[35m[ADB]&amp#27;[39m Running 'C:\Users\admin\AppData\Local\Android\Sdk\platform-tools\adb.exe -P 5037 -s 4200f5fdaa5e442f shell echo ping'
[debug] &amp#27;[35m[AndroidDriver]&amp#27;[39m Pushing settings apk to device...
[debug] &amp#27;[35m[ADB]&amp#27;[39m Getting install status for io.appium.settings
[debug] &amp#27;[35m[ADB]&amp#27;[39m Running 'C:\Users\admin\AppData\Local\Android\Sdk\platform-tools\adb.exe -P 5037 -s 4200f5fdaa5e442f shell dumpsys package io.appium.settings'
[debug] &amp#27;[35m[ADB]&amp#27;[39m 'io.appium.settings' is installed
[debug] &amp#27;[35m[ADB]&amp#27;[39m Getting package info for 'io.appium.settings'
[debug] &amp#27;[35m[ADB]&amp#27;[39m Running 'C:\Users\admin\AppData\Local\Android\Sdk\platform-tools\adb.exe -P 5037 -s 4200f5fdaa5e442f shell dumpsys package io.appium.settings'
[debug] &amp#27;[35m[ADB]&amp#27;[39m The version name of the installed 'io.appium.settings' is greater or equal to the application version name ('3.4.0' >= '3.4.0')
[debug] &amp#27;[35m[ADB]&amp#27;[39m There is no need to install/upgrade 'C:\Users\admin\AppData\Roaming\npm\node_modules\appium\node_modules\io.appium.settings\apks\settings_apk-debug.apk'
[debug] &amp#27;[35m[ADB]&amp#27;[39m Getting IDs of all 'io.appium.settings' processes
[debug] &amp#27;[35m[ADB]&amp#27;[39m Running 'C:\Users\admin\AppData\Local\Android\Sdk\platform-tools\adb.exe -P 5037 -s 4200f5fdaa5e442f shell 'pgrep --help; echo $?''
[debug] &amp#27;[35m[ADB]&amp#27;[39m Running 'C:\Users\admin\AppData\Local\Android\Sdk\platform-tools\adb.exe -P 5037 -s 4200f5fdaa5e442f shell 'pgrep ^appium\\.settings$ || pgrep ^io\\.appium\\.setti$''
[debug] &amp#27;[35m[AndroidDriver]&amp#27;[39m io.appium.settings is already running. There is no need to reset its permissions.
[debug] &amp#27;[35m[ADB]&amp#27;[39m Running 'C:\Users\admin\AppData\Local\Android\Sdk\platform-tools\adb.exe -P 5037 -s 4200f5fdaa5e442f shell appops set io.appium.settings android:mock_location allow'
[debug] &amp#27;[35m[Logcat]&amp#27;[39m Starting logs capture with command: C:\\Users\\admin\\AppData\\Local\\Android\\Sdk\\platform-tools\\adb.exe -P 5037 -s 4200f5fdaa5e442f logcat -v threadtime
[debug] &amp#27;[35m[UiAutomator2]&amp#27;[39m Forwarding UiAutomator2 Server port 6790 to local port 8201
[debug] &amp#27;[35m[ADB]&amp#27;[39m Forwarding system: 8201 to device: 6790
[debug] &amp#27;[35m[ADB]&amp#27;[39m Running 'C:\Users\admin\AppData\Local\Android\Sdk\platform-tools\adb.exe -P 5037 -s 4200f5fdaa5e442f forward tcp:8201 tcp:6790'
[debug] &amp#27;[35m[ADB]&amp#27;[39m Getting install status for io.appium.uiautomator2.server
[debug] &amp#27;[35m[ADB]&amp#27;[39m Running 'C:\Users\admin\AppData\Local\Android\Sdk\platform-tools\adb.exe -P 5037 -s 4200f5fdaa5e442f shell dumpsys package io.appium.uiautomator2.server'
[debug] &amp#27;[35m[ADB]&amp#27;[39m 'io.appium.uiautomator2.server' is installed
[debug] &amp#27;[35m[ADB]&amp#27;[39m Getting package info for 'io.appium.uiautomator2.server'
[debug] &amp#27;[35m[ADB]&amp#27;[39m Running 'C:\Users\admin\AppData\Local\Android\Sdk\platform-tools\adb.exe -P 5037 -s 4200f5fdaa5e442f shell dumpsys package io.appium.uiautomator2.server'
[debug] &amp#27;[35m[ADB]&amp#27;[39m The version name of the installed 'io.appium.uiautomator2.server' is greater or equal to the application version name ('4.27.0' >= '4.27.0')
[debug] &amp#27;[35m[UiAutomator2]&amp#27;[39m io.appium.uiautomator2.server installation state: sameVersionInstalled
[debug] &amp#27;[35m[ADB]&amp#27;[39m Checking app cert for C:\Users\admin\AppData\Roaming\npm\node_modules\appium\node_modules\appium-uiautomator2-server\apks\appium-uiautomator2-server-v4.27.0.apk
&amp#27;[35m[ADB]&amp#27;[39m Using 'apksigner.jar' from 'C:\Users\admin\AppData\Local\Android\Sdk\build-tools\32.1.0-rc1\lib\apksigner.jar'
[debug] &amp#27;[35m[ADB]&amp#27;[39m Starting apksigner: 'C:\\Program Files\\Java\\jdk-11.0.2\\bin\\java.exe' -Xmx1024M -Xss1m -jar C:\\Users\\admin\\AppData\\Local\\Android\\Sdk\\build-tools\\32.1.0-rc1\\lib\\apksigner.jar verify --print-certs C:\\Users\\admin\\AppData\\Roaming\\npm\\node_modules\\appium\\node_modules\\appium-uiautomator2-server\\apks\\appium-uiautomator2-server-v4.27.0.apk
[debug] &amp#27;[35m[ADB]&amp#27;[39m apksigner stdout: Signer #1 certificate DN: EMAILADDRESS=android@android.com, CN=Android, OU=Android, O=Android, L=Mountain View, ST=California, C=US
[debug] &amp#27;[35m[ADB]&amp#27;[39m Signer #1 certificate SHA-256 digest: a40da80a59d170caa950cf15c18c454d47a39b26989d8b640ecd745ba71bf5dc
[debug] &amp#27;[35m[ADB]&amp#27;[39m Signer #1 certificate SHA-1 digest: 61ed377e85d386a8dfee6b864bd85b0bfaa5af81
[debug] &amp#27;[35m[ADB]&amp#27;[39m Signer #1 certificate MD5 digest: e89b158e4bcf988ebd09eb83f5378e87
[debug] &amp#27;[35m[ADB]&amp#27;[39m 
[debug] &amp#27;[35m[ADB]&amp#27;[39m sha256 hash did match for 'appium-uiautomator2-server-v4.27.0.apk'
&amp#27;[35m[ADB]&amp#27;[39m 'C:\Users\admin\AppData\Roaming\npm\node_modules\appium\node_modules\appium-uiautomator2-server\apks\appium-uiautomator2-server-v4.27.0.apk' is signed with the default certificate
[debug] &amp#27;[35m[ADB]&amp#27;[39m Getting install status for io.appium.uiautomator2.server.test
[debug] &amp#27;[35m[ADB]&amp#27;[39m Running 'C:\Users\admin\AppData\Local\Android\Sdk\platform-tools\adb.exe -P 5037 -s 4200f5fdaa5e442f shell dumpsys package io.appium.uiautomator2.server.test'
[debug] &amp#27;[35m[ADB]&amp#27;[39m 'io.appium.uiautomator2.server.test' is installed
[debug] &amp#27;[35m[ADB]&amp#27;[39m Checking app cert for C:\Users\admin\AppData\Roaming\npm\node_modules\appium\node_modules\appium-uiautomator2-server\apks\appium-uiautomator2-server-debug-androidTest.apk
[debug] &amp#27;[35m[ADB]&amp#27;[39m Starting apksigner: 'C:\\Program Files\\Java\\jdk-11.0.2\\bin\\java.exe' -Xmx1024M -Xss1m -jar C:\\Users\\admin\\AppData\\Local\\Android\\Sdk\\build-tools\\32.1.0-rc1\\lib\\apksigner.jar verify --print-certs C:\\Users\\admin\\AppData\\Roaming\\npm\\node_modules\\appium\\node_modules\\appium-uiautomator2-server\\apks\\appium-uiautomator2-server-debug-androidTest.apk
[debug] &amp#27;[35m[ADB]&amp#27;[39m apksigner stdout: Signer #1 certificate DN: EMAILADDRESS=android@android.com, CN=Android, OU=Android, O=Android, L=Mountain View, ST=California, C=US
[debug] &amp#27;[35m[ADB]&amp#27;[39m Signer #1 certificate SHA-256 digest: a40da80a59d170caa950cf15c18c454d47a39b26989d8b640ecd745ba71bf5dc
[debug] &amp#27;[35m[ADB]&amp#27;[39m Signer #1 certificate SHA-1 digest: 61ed377e85d386a8dfee6b864bd85b0bfaa5af81
[debug] &amp#27;[35m[ADB]&amp#27;[39m Signer #1 certificate MD5 digest: e89b158e4bcf988ebd09eb83f5378e87
[debug] &amp#27;[35m[ADB]&amp#27;[39m 
[debug] &amp#27;[35m[ADB]&amp#27;[39m sha256 hash did match for 'appium-uiautomator2-server-debug-androidTest.apk'
&amp#27;[35m[ADB]&amp#27;[39m 'C:\Users\admin\AppData\Roaming\npm\node_modules\appium\node_modules\appium-uiautomator2-server\apks\appium-uiautomator2-server-debug-androidTest.apk' is signed with the default certificate
&amp#27;[35m[UiAutomator2]&amp#27;[39m Server packages are not going to be (re)installed
[debug] &amp#27;[35m[UiAutomator2]&amp#27;[39m Waiting up to 30000ms for services to be available
[debug] &amp#27;[35m[ADB]&amp#27;[39m Running 'C:\Users\admin\AppData\Local\Android\Sdk\platform-tools\adb.exe -P 5037 -s 4200f5fdaa5e442f shell pm list instrumentation'
[debug] &amp#27;[35m[UiAutomator2]&amp#27;[39m Instrumentation target 'io.appium.uiautomator2.server.test/androidx.test.runner.AndroidJUnitRunner' is available
&amp#27;[35m[ADB]&amp#27;[39m Adding packages ["io.appium.settings","io.appium.uiautomator2.server","io.appium.uiautomator2.server.test"] to Doze whitelist
[debug] &amp#27;[35m[ADB]&amp#27;[39m Got the following command chunks to execute: [["dumpsys","deviceidle","whitelist","+io.appium.settings",";","dumpsys","deviceidle","whitelist","+io.appium.uiautomator2.server",";","dumpsys","deviceidle","whitelist","+io.appium.uiautomator2.server.test",";"]]
[debug] &amp#27;[35m[ADB]&amp#27;[39m Running 'C:\Users\admin\AppData\Local\Android\Sdk\platform-tools\adb.exe -P 5037 -s 4200f5fdaa5e442f shell dumpsys deviceidle whitelist +io.appium.settings ; dumpsys deviceidle whitelist +io.appium.uiautomator2.server ; dumpsys deviceidle whitelist +io.appium.uiautomator2.server.test ;'
[debug] &amp#27;[35m[ADB]&amp#27;[39m Checking app cert for C:\Users\admin\eclipse-workspace\AppiumFramework\src\ApiDemos-debug.apk
[debug] &amp#27;[35m[ADB]&amp#27;[39m Starting apksigner: 'C:\\Program Files\\Java\\jdk-11.0.2\\bin\\java.exe' -Xmx1024M -Xss1m -jar C:\\Users\\admin\\AppData\\Local\\Android\\Sdk\\build-tools\\32.1.0-rc1\\lib\\apksigner.jar verify --print-certs C:\\Users\\admin\\eclipse-workspace\\AppiumFramework\\src\\ApiDemos-debug.apk
[debug] &amp#27;[35m[ADB]&amp#27;[39m apksigner stdout: Signer #1 certificate DN: EMAILADDRESS=android@android.com, CN=Android, OU=Android, O=Android, L=Mountain View, ST=California, C=US
[debug] &amp#27;[35m[ADB]&amp#27;[39m Signer #1 certificate SHA-256 digest: a40da80a59d170caa950cf15c18c454d47a39b26989d8b640ecd745ba71bf5dc
[debug] &amp#27;[35m[ADB]&amp#27;[39m Signer #1 certificate SHA-1 digest: 61ed377e85d386a8dfee6b864bd85b0bfaa5af81
[debug] &amp#27;[35m[ADB]&amp#27;[39m Signer #1 certificate MD5 digest: e89b158e4bcf988ebd09eb83f5378e87
[debug] &amp#27;[35m[ADB]&amp#27;[39m 
[debug] &amp#27;[35m[ADB]&amp#27;[39m sha256 hash did match for 'ApiDemos-debug.apk'
&amp#27;[35m[ADB]&amp#27;[39m 'C:\Users\admin\eclipse-workspace\AppiumFramework\src\ApiDemos-debug.apk' is signed with the default certificate
[debug] &amp#27;[35m[ADB]&amp#27;[39m Getting install status for io.appium.android.apis
[debug] &amp#27;[35m[ADB]&amp#27;[39m Running 'C:\Users\admin\AppData\Local\Android\Sdk\platform-tools\adb.exe -P 5037 -s 4200f5fdaa5e442f shell dumpsys package io.appium.android.apis'
[debug] &amp#27;[35m[ADB]&amp#27;[39m 'io.appium.android.apis' is installed
[debug] &amp#27;[35m[ADB]&amp#27;[39m Getting package info for 'io.appium.android.apis'
[debug] &amp#27;[35m[ADB]&amp#27;[39m Running 'C:\Users\admin\AppData\Local\Android\Sdk\platform-tools\adb.exe -P 5037 -s 4200f5fdaa5e442f shell dumpsys package io.appium.android.apis'
&amp#27;[35m[ADB]&amp#27;[39m Cannot read version codes of 'C:\Users\admin\eclipse-workspace\AppiumFramework\src\ApiDemos-debug.apk' and/or 'io.appium.android.apis'
&amp#27;[35m[ADB]&amp#27;[39m Cannot read version names of 'C:\Users\admin\eclipse-workspace\AppiumFramework\src\ApiDemos-debug.apk' and/or 'io.appium.android.apis'
[debug] &amp#27;[35m[ADB]&amp#27;[39m The current install state of 'C:\Users\admin\eclipse-workspace\AppiumFramework\src\ApiDemos-debug.apk' is unknown. Installing anyway
[debug] &amp#27;[35m[ADB]&amp#27;[39m Running 'C:\Users\admin\AppData\Local\Android\Sdk\platform-tools\adb.exe -P 5037 -s 4200f5fdaa5e442f help'
[debug] &amp#27;[35m[ADB]&amp#27;[39m Running 'C:\Users\admin\AppData\Local\Android\Sdk\platform-tools\adb.exe -P 5037 -s 4200f5fdaa5e442f features'
&amp#27;[35m[ADB]&amp#27;[39m The application at 'C:\Users\admin\eclipse-workspace\AppiumFramework\src\ApiDemos-debug.apk' will not be cached, because the device under test has confirmed the support of streamed installs
[debug] &amp#27;[35m[ADB]&amp#27;[39m Running 'C:\Users\admin\AppData\Local\Android\Sdk\platform-tools\adb.exe -P 5037 -s 4200f5fdaa5e442f install -r C:\Users\admin\eclipse-workspace\AppiumFramework\src\ApiDemos-debug.apk'
&amp#27;[35m[ADB]&amp#27;[39m The installation of 'ApiDemos-debug.apk' took 2870ms
[debug] &amp#27;[35m[ADB]&amp#27;[39m Install command stdout: Performing Streamed Install
[debug] &amp#27;[35m[ADB]&amp#27;[39m Success
[debug] &amp#27;[35m[UiAutomator2]&amp#27;[39m Performing shallow cleanup of automation leftovers
[debug] &amp#27;[35m[UiAutomator2]&amp#27;[39m No obsolete sessions have been detected (socket hang up)
[debug] &amp#27;[35m[ADB]&amp#27;[39m Running 'C:\Users\admin\AppData\Local\Android\Sdk\platform-tools\adb.exe -P 5037 -s 4200f5fdaa5e442f shell am force-stop io.appium.uiautomator2.server.test'
&amp#27;[35m[UiAutomator2]&amp#27;[39m Starting UIAutomator2 server 4.27.0
&amp#27;[35m[UiAutomator2]&amp#27;[39m Using UIAutomator2 server from 'C:\Users\admin\AppData\Roaming\npm\node_modules\appium\node_modules\appium-uiautomator2-server\apks\appium-uiautomator2-server-v4.27.0.apk' and test from 'C:\Users\admin\AppData\Roaming\npm\node_modules\appium\node_modules\appium-uiautomator2-server\apks\appium-uiautomator2-server-debug-androidTest.apk'
&amp#27;[35m[UiAutomator2]&amp#27;[39m Waiting up to 30000ms for UiAutomator2 to be online...
[debug] &amp#27;[35m[ADB]&amp#27;[39m Creating ADB subprocess with args: ["-P",5037,"-s","4200f5fdaa5e442f","shell","am","instrument","-w","-e","disableAnalytics",true,"io.appium.uiautomator2.server.test/androidx.test.runner.AndroidJUnitRunner"]
[debug] &amp#27;[35m[WD Proxy]&amp#27;[39m Matched '/status' to command name 'getStatus'
[debug] &amp#27;[35m[WD Proxy]&amp#27;[39m Proxying [GET /status] to [GET http://127.0.0.1:8201/wd/hub/status] with no body
&amp#27;[35m[WD Proxy]&amp#27;[39m socket hang up
[debug] &amp#27;[35m[WD Proxy]&amp#27;[39m Matched '/status' to command name 'getStatus'
[debug] &amp#27;[35m[WD Proxy]&amp#27;[39m Proxying [GET /status] to [GET http://127.0.0.1:8201/wd/hub/status] with no body
&amp#27;[35m[WD Proxy]&amp#27;[39m socket hang up
[debug] &amp#27;[35m[WD Proxy]&amp#27;[39m Matched '/status' to command name 'getStatus'
[debug] &amp#27;[35m[WD Proxy]&amp#27;[39m Proxying [GET /status] to [GET http://127.0.0.1:8201/wd/hub/status] with no body
&amp#27;[35m[WD Proxy]&amp#27;[39m socket hang up
[debug] &amp#27;[35m[WD Proxy]&amp#27;[39m Matched '/status' to command name 'getStatus'
[debug] &amp#27;[35m[WD Proxy]&amp#27;[39m Proxying [GET /status] to [GET http://127.0.0.1:8201/wd/hub/status] with no body
&amp#27;[35m[WD Proxy]&amp#27;[39m socket hang up
[debug] &amp#27;[35m[Instrumentation]&amp#27;[39m io.appium.uiautomator2.server.test.AppiumUiAutomator2Server:
[debug] &amp#27;[35m[WD Proxy]&amp#27;[39m Matched '/status' to command name 'getStatus'
[debug] &amp#27;[35m[WD Proxy]&amp#27;[39m Proxying [GET /status] to [GET http://127.0.0.1:8201/wd/hub/status] with no body
&amp#27;[35m[WD Proxy]&amp#27;[39m socket hang up
[debug] &amp#27;[35m[WD Proxy]&amp#27;[39m Matched '/status' to command name 'getStatus'
[debug] &amp#27;[35m[WD Proxy]&amp#27;[39m Proxying [GET /status] to [GET http://127.0.0.1:8201/wd/hub/status] with no body
&amp#27;[35m[WD Proxy]&amp#27;[39m socket hang up
[debug] &amp#27;[35m[WD Proxy]&amp#27;[39m Matched '/status' to command name 'getStatus'
[debug] &amp#27;[35m[WD Proxy]&amp#27;[39m Proxying [GET /status] to [GET http://127.0.0.1:8201/wd/hub/status] with no body
[debug] &amp#27;[35m[WD Proxy]&amp#27;[39m Got response with status 200: {"sessionId":"None","value":{"message":"UiAutomator2 Server is ready to accept commands","ready":true}}
[debug] &amp#27;[35m[UiAutomator2]&amp#27;[39m The initialization of the instrumentation process took 6223ms
[debug] &amp#27;[35m[WD Proxy]&amp#27;[39m Matched '/session' to command name 'createSession'
[debug] &amp#27;[35m[WD Proxy]&amp#27;[39m Proxying [POST /session] to [POST http://127.0.0.1:8201/wd/hub/session] with body: {"capabilities":{"firstMatch":[{"platform":"LINUX","webStorageEnabled":false,"takesScreenshot":true,"javascriptEnabled":true,"databaseEnabled":false,"networkConnectionEnabled":true,"locationContextEnabled":false,"warnings":{},"desired":{"platformName":"android","app":"C:\\Users\\admin\\eclipse-workspace\\AppiumFramework\\src\\ApiDemos-debug.apk","automationName":"uiautomator2","deviceName":"Real device ","newCommandTimeout":15,"noReset":true},"platformName":"android","app":"C:\\Users\\admin\\eclipse-workspace\\AppiumFramework\\src\\ApiDemos-debug.apk","automationName":"uiautomator2","deviceName":"4200f5fdaa5e442f","newCommandTimeout":15,"noReset":true,"deviceUDID":"4200f5fdaa5e442f","appPackage":"io.appium.android.apis"}],"alwaysMatch":{}}}
[debug] &amp#27;[35m[WD Proxy]&amp#27;[39m Got response with status 200: {"sessionId":"5a26efa6-6733-4daa-a142-e9e8b8325fcf","value":{"capabilities":{"firstMatch":[{"platform":"LINUX","webStorageEnabled":false,"takesScreenshot":true,"javascriptEnabled":true,"databaseEnabled":false,"networkConnectionEnabled":true,"locationContextEnabled":false,"warnings":{},"desired":{"platformName":"android","app":"C:\\Users\\admin\\eclipse-workspace\\AppiumFramework\\src\\ApiDemos-debug.apk","automationName":"uiautomator2","deviceName":"Real device ","newCommandTimeout":15,"noReset":true},"platformName":"android","app":"C:\\Users\\admin\\eclipse-workspace\\AppiumFramework\\src\\ApiDemos-debug.apk","automationName":"uiautomator2","deviceName":"4200f5fdaa5e442f","newCommandTimeout":15,"noReset":true,"deviceUDID":"4200f5fdaa5e442f","appPackage":"io.appium.android.apis"}],"alwaysMatch":{}},"sessionId":"5a26efa6-6733-4daa-a142-e9e8b8325fcf"}}
&amp#27;[35m[WD Proxy]&amp#27;[39m Determined the downstream protocol as 'W3C'
[debug] &amp#27;[35m[WD Proxy]&amp#27;[39m Proxying [GET /appium/device/info] to [GET http://127.0.0.1:8201/wd/hub/session/5a26efa6-6733-4daa-a142-e9e8b8325fcf/appium/device/info] with no body
[debug] &amp#27;[35m[WD Proxy]&amp#27;[39m Got response with status 200: {"sessionId":"5a26efa6-6733-4daa-a142-e9e8b8325fcf","value":{"androidId":"13b9930c9c7d70a1","apiVersion":"25","bluetooth":{"state":"OFF"},"brand":"samsung","carrierName":"","displayDensity":320,"locale":"en_GB","manufacturer":"samsung","model":"SM-G550FY","networks":[{"capabilities":{"SSID":null,"linkDownBandwidthKbps":1048576,"linkUpstreamBandwidthKbps":1048576,"networkCapabilities":"NET_CAPABILITY_NOT_RESTRICTED,NET_CAPABILITY_NOT_VPN,NET_CAPABILITY_WIFI_P2P,NET_CAPABILITY_TRUSTED","signalStrength":-2147483648,"transportTypes":"TRANSPORT_WIFI"},"detailedState":"DISCONNECTED","extraInfo":null,"isAvailable":true,"isConnected":false,"isFailover":false,"isRoaming":false,"state":"DISCONNECTED","subtype":0,"subtypeName":"","type":13,"typeName":"WIFI_P2P"},{"capabilities":{"SSID":null,"linkDownBandwidthKbps":1048576,"linkUpstreamBandwidthKbps":1048576,"networkCapabilities":"NET_CAPABILITY_NOT_METERED,NET_CAPABILITY_NOT_RESTRICTED,NET_CAPABILITY_NOT_VPN,NET_CAPABILITY_NOT_ROAMING,NET_CAPABILITY_INTERNET,NET_CAPA...
[debug] &amp#27;[35m[ADB]&amp#27;[39m Running 'C:\Users\admin\AppData\Local\Android\Sdk\platform-tools\adb.exe -P 5037 -s 4200f5fdaa5e442f shell dumpsys window'
[debug] &amp#27;[35m[AndroidDriver]&amp#27;[39m Screen is locked, trying to unlock
&amp#27;[35m[AndroidDriver]&amp#27;[39m Using app unlock, this is going to be deprecated!
&amp#27;[35m[AndroidDriver]&amp#27;[39m Unlocking screen
&amp#27;[35m[AndroidDriver]&amp#27;[39m Launching .Unlock
[debug] &amp#27;[35m[ADB]&amp#27;[39m Running 'C:\Users\admin\AppData\Local\Android\Sdk\platform-tools\adb.exe -P 5037 -s 4200f5fdaa5e442f shell am start -n io.appium.settings/.Unlock -c android.intent.category.LAUNCHER -a android.intent.action.MAIN -f 0x10200000'
&amp#27;[35m[UiAutomator2]&amp#27;[39m Starting 'io.appium.android.apis/ApiDemos and waiting for 'io.appium.android.apis/ApiDemos'
[debug] &amp#27;[35m[ADB]&amp#27;[39m Running 'C:\Users\admin\AppData\Local\Android\Sdk\platform-tools\adb.exe -P 5037 -s 4200f5fdaa5e442f shell am start -W -n io.appium.android.apis/ApiDemos -S -a android.intent.action.MAIN -c android.intent.category.LAUNCHER -f 0x10200000'
[debug] &amp#27;[35m[ADB]&amp#27;[39m We tried to start an activity that doesn't exist, retrying with '.ApiDemos' activity name
[debug] &amp#27;[35m[ADB]&amp#27;[39m Running 'C:\Users\admin\AppData\Local\Android\Sdk\platform-tools\adb.exe -P 5037 -s 4200f5fdaa5e442f shell am start -W -n io.appium.android.apis/.ApiDemos -S -a android.intent.action.MAIN -c android.intent.category.LAUNCHER -f 0x10200000'
[debug] &amp#27;[35m[ADB]&amp#27;[39m Waiting up to 20000ms for activity matching pkg: 'io.appium.android.apis' and activity: 'ApiDemos' to be focused
[debug] &amp#27;[35m[ADB]&amp#27;[39m Possible activities, to be checked: 'ApiDemos', 'io.appium.android.apis.ApiDemos'
[debug] &amp#27;[35m[ADB]&amp#27;[39m Getting focused package and activity
[debug] &amp#27;[35m[ADB]&amp#27;[39m Running 'C:\Users\admin\AppData\Local\Android\Sdk\platform-tools\adb.exe -P 5037 -s 4200f5fdaa5e442f shell dumpsys window windows'
[debug] &amp#27;[35m[ADB]&amp#27;[39m Found package: 'io.appium.android.apis' and fully qualified activity name : 'io.appium.android.apis.ApiDemos'
[debug] &amp#27;[35m[WD Proxy]&amp#27;[39m Proxying [GET /appium/device/pixel_ratio] to [GET http://127.0.0.1:8201/wd/hub/session/5a26efa6-6733-4daa-a142-e9e8b8325fcf/appium/device/pixel_ratio] with no body
[debug] &amp#27;[35m[WD Proxy]&amp#27;[39m Got response with status 200: {"sessionId":"5a26efa6-6733-4daa-a142-e9e8b8325fcf","value":2}
[debug] &amp#27;[35m[WD Proxy]&amp#27;[39m Matched '/appium/device/system_bars' to command name 'getSystemBars'
[debug] &amp#27;[35m[WD Proxy]&amp#27;[39m Proxying [GET /appium/device/system_bars] to [GET http://127.0.0.1:8201/wd/hub/session/5a26efa6-6733-4daa-a142-e9e8b8325fcf/appium/device/system_bars] with no body
[debug] &amp#27;[35m[WD Proxy]&amp#27;[39m Got response with status 200: {"sessionId":"5a26efa6-6733-4daa-a142-e9e8b8325fcf","value":{"statusBar":48}}
[debug] &amp#27;[35m[WD Proxy]&amp#27;[39m Matched '/window/current/size' to command name 'getWindowSize'
[debug] &amp#27;[35m[WD Proxy]&amp#27;[39m Proxying [GET /window/current/size] to [GET http://127.0.0.1:8201/wd/hub/session/5a26efa6-6733-4daa-a142-e9e8b8325fcf/window/current/size] with no body
[debug] &amp#27;[35m[WD Proxy]&amp#27;[39m Got response with status 200: {"sessionId":"5a26efa6-6733-4daa-a142-e9e8b8325fcf","value":{"height":1280,"width":720}}
&amp#27;[35m[Appium]&amp#27;[39m New AndroidUiautomator2Driver session created successfully, session 49be007a-4dec-4791-aeb9-826b289ab962 added to master session list
[debug] &amp#27;[35m[BaseDriver]&amp#27;[39m Event 'newSessionStarted' logged at 1656670242074 (15:40:42 GMT+0530 (India Standard Time))
[debug] &amp#27;[35m[W3C (49be007a)]&amp#27;[39m Cached the protocol value 'W3C' for the new session 49be007a-4dec-4791-aeb9-826b289ab962
[debug] &amp#27;[35m[W3C (49be007a)]&amp#27;[39m Responding to client with driver.createSession() result: {"capabilities":{"platform":"LINUX","webStorageEnabled":false,"takesScreenshot":true,"javascriptEnabled":true,"databaseEnabled":false,"networkConnectionEnabled":true,"locationContextEnabled":false,"warnings":{},"desired":{"platformName":"android","app":"C:\\Users\\admin\\eclipse-workspace\\AppiumFramework\\src\\ApiDemos-debug.apk","automationName":"uiautomator2","deviceName":"Real device ","newCommandTimeout":15,"noReset":true},"platformName":"android","app":"C:\\Users\\admin\\eclipse-workspace\\AppiumFramework\\src\\ApiDemos-debug.apk","automationName":"uiautomator2","deviceName":"4200f5fdaa5e442f","newCommandTimeout":15,"noReset":true,"deviceUDID":"4200f5fdaa5e442f","appPackage":"io.appium.android.apis","deviceApiLevel":25,"platformVersion":"7.1.1","deviceScreenSize":"720x1280","deviceScreenDensity":320,"deviceModel":"SM-G550FY","deviceManufacturer":"samsung","pixelRatio":2,"statBarHeight":48,"viewportRect":{"left":0,"top":48,"width":720,"height":1232}}}
&amp#27;[35m[HTTP]&amp#27;[39m &amp#27;[37m<-- POST /wd/hub/session &amp#27;[39m&amp#27;[32m200&amp#27;[39m &amp#27;[90m29091 ms - 1031&amp#27;[39m
&amp#27;[35m[HTTP]&amp#27;[39m &amp#27;[90m&amp#27;[39m
&amp#27;[35m[HTTP]&amp#27;[39m &amp#27;[37m-->&amp#27;[39m &amp#27;[37mPOST&amp#27;[39m &amp#27;[37m/wd/hub/session/49be007a-4dec-4791-aeb9-826b289ab962/timeouts&amp#27;[39m
&amp#27;[35m[HTTP]&amp#27;[39m &amp#27;[90m{"implicit":10000}&amp#27;[39m
[debug] &amp#27;[35m[W3C (49be007a)]&amp#27;[39m Calling AppiumDriver.timeouts() with args: [null,null,null,null,10000,"49be007a-4dec-4791-aeb9-826b289ab962"]
[debug] &amp#27;[35m[BaseDriver]&amp#27;[39m W3C timeout argument: {"implicit":10000}}
[debug] &amp#27;[35m[BaseDriver]&amp#27;[39m Set implicit wait to 10000ms
[debug] &amp#27;[35m[W3C (49be007a)]&amp#27;[39m Responding to client with driver.timeouts() result: null
&amp#27;[35m[HTTP]&amp#27;[39m &amp#27;[37m<-- POST /wd/hub/session/49be007a-4dec-4791-aeb9-826b289ab962/timeouts &amp#27;[39m&amp#27;[32m200&amp#27;[39m &amp#27;[90m3 ms - 14&amp#27;[39m
&amp#27;[35m[HTTP]&amp#27;[39m &amp#27;[90m&amp#27;[39m
hiii
&amp#27;[35m[HTTP]&amp#27;[39m &amp#27;[37m-->&amp#27;[39m &amp#27;[37mGET&amp#27;[39m &amp#27;[37m/wd/hub/session/49be007a-4dec-4791-aeb9-826b289ab962/context&amp#27;[39m
&amp#27;[35m[HTTP]&amp#27;[39m &amp#27;[90m{}&amp#27;[39m
[debug] &amp#27;[35m[W3C (49be007a)]&amp#27;[39m Calling AppiumDriver.getCurrentContext() with args: ["49be007a-4dec-4791-aeb9-826b289ab962"]
[debug] &amp#27;[35m[W3C (49be007a)]&amp#27;[39m Responding to client with driver.getCurrentContext() result: "NATIVE_APP"
&amp#27;[35m[HTTP]&amp#27;[39m &amp#27;[37m<-- GET /wd/hub/session/49be007a-4dec-4791-aeb9-826b289ab962/context &amp#27;[39m&amp#27;[32m200&amp#27;[39m &amp#27;[90m4 ms - 22&amp#27;[39m
&amp#27;[35m[HTTP]&amp#27;[39m &amp#27;[90m&amp#27;[39m
&amp#27;[35m[HTTP]&amp#27;[39m &amp#27;[37m-->&amp#27;[39m &amp#27;[37mPOST&amp#27;[39m &amp#27;[37m/wd/hub/session/49be007a-4dec-4791-aeb9-826b289ab962/element&amp#27;[39m
&amp#27;[35m[HTTP]&amp#27;[39m &amp#27;[90m{"using":"xpath","value":"//android.widget.TextView[@text='Preference']"}&amp#27;[39m
[debug] &amp#27;[35m[W3C (49be007a)]&amp#27;[39m Calling AppiumDriver.findElement() with args: ["xpath","//android.widget.TextView[@text='Preference']","49be007a-4dec-4791-aeb9-826b289ab962"]
[debug] &amp#27;[35m[BaseDriver]&amp#27;[39m Valid locator strategies for this request: xpath, id, class name, accessibility id, css selector, -android uiautomator
[debug] &amp#27;[35m[BaseDriver]&amp#27;[39m Waiting up to 10000 ms for condition
[debug] &amp#27;[35m[WD Proxy]&amp#27;[39m Matched '/element' to command name 'findElement'
[debug] &amp#27;[35m[WD Proxy]&amp#27;[39m Proxying [POST /element] to [POST http://127.0.0.1:8201/wd/hub/session/5a26efa6-6733-4daa-a142-e9e8b8325fcf/element] with body: {"strategy":"xpath","selector":"//android.widget.TextView[@text='Preference']","context":"","multiple":false}
[debug] &amp#27;[35m[WD Proxy]&amp#27;[39m Got response with status 200: {"sessionId":"5a26efa6-6733-4daa-a142-e9e8b8325fcf","value":{"ELEMENT":"00000000-0000-01f0-7fff-ffff0000000c","element-6066-11e4-a52e-4f735466cecf":"00000000-0000-01f0-7fff-ffff0000000c"}}
[debug] &amp#27;[35m[W3C (49be007a)]&amp#27;[39m Responding to client with driver.findElement() result: {"element-6066-11e4-a52e-4f735466cecf":"00000000-0000-01f0-7fff-ffff0000000c","ELEMENT":"00000000-0000-01f0-7fff-ffff0000000c"}
&amp#27;[35m[HTTP]&amp#27;[39m &amp#27;[37m<-- POST /wd/hub/session/49be007a-4dec-4791-aeb9-826b289ab962/element &amp#27;[39m&amp#27;[32m200&amp#27;[39m &amp#27;[90m714 ms - 137&amp#27;[39m
&amp#27;[35m[HTTP]&amp#27;[39m &amp#27;[90m&amp#27;[39m
&amp#27;[35m[HTTP]&amp#27;[39m &amp#27;[37m-->&amp#27;[39m &amp#27;[37mPOST&amp#27;[39m &amp#27;[37m/wd/hub/session/49be007a-4dec-4791-aeb9-826b289ab962/element/00000000-0000-01f0-7fff-ffff0000000c/click&amp#27;[39m
&amp#27;[35m[HTTP]&amp#27;[39m &amp#27;[90m{"id":"00000000-0000-01f0-7fff-ffff0000000c"}&amp#27;[39m
[debug] &amp#27;[35m[W3C (49be007a)]&amp#27;[39m Calling AppiumDriver.click() with args: ["00000000-0000-01f0-7fff-ffff0000000c","49be007a-4dec-4791-aeb9-826b289ab962"]
[debug] &amp#27;[35m[WD Proxy]&amp#27;[39m Matched '/element/00000000-0000-01f0-7fff-ffff0000000c/click' to command name 'click'
[debug] &amp#27;[35m[WD Proxy]&amp#27;[39m Proxying [POST /element/00000000-0000-01f0-7fff-ffff0000000c/click] to [POST http://127.0.0.1:8201/wd/hub/session/5a26efa6-6733-4daa-a142-e9e8b8325fcf/element/00000000-0000-01f0-7fff-ffff0000000c/click] with body: {"element":"00000000-0000-01f0-7fff-ffff0000000c"}
[debug] &amp#27;[35m[WD Proxy]&amp#27;[39m Got response with status 200: {"sessionId":"5a26efa6-6733-4daa-a142-e9e8b8325fcf","value":null}
[debug] &amp#27;[35m[W3C (49be007a)]&amp#27;[39m Responding to client with driver.click() result: null
&amp#27;[35m[HTTP]&amp#27;[39m &amp#27;[37m<-- POST /wd/hub/session/49be007a-4dec-4791-aeb9-826b289ab962/element/00000000-0000-01f0-7fff-ffff0000000c/click &amp#27;[39m&amp#27;[32m200&amp#27;[39m &amp#27;[90m688 ms - 14&amp#27;[39m
&amp#27;[35m[HTTP]&amp#27;[39m &amp#27;[90m&amp#27;[39m
&amp#27;[35m[HTTP]&amp#27;[39m &amp#27;[37m-->&amp#27;[39m &amp#27;[37mGET&amp#27;[39m &amp#27;[37m/wd/hub/session/49be007a-4dec-4791-aeb9-826b289ab962/context&amp#27;[39m
&amp#27;[35m[HTTP]&amp#27;[39m &amp#27;[90m{}&amp#27;[39m
[debug] &amp#27;[35m[W3C (49be007a)]&amp#27;[39m Calling AppiumDriver.getCurrentContext() with args: ["49be007a-4dec-4791-aeb9-826b289ab962"]
[debug] &amp#27;[35m[W3C (49be007a)]&amp#27;[39m Responding to client with driver.getCurrentContext() result: "NATIVE_APP"
&amp#27;[35m[HTTP]&amp#27;[39m &amp#27;[37m<-- GET /wd/hub/session/49be007a-4dec-4791-aeb9-826b289ab962/context &amp#27;[39m&amp#27;[32m200&amp#27;[39m &amp#27;[90m15 ms - 22&amp#27;[39m
&amp#27;[35m[HTTP]&amp#27;[39m &amp#27;[90m&amp#27;[39m
&amp#27;[35m[HTTP]&amp#27;[39m &amp#27;[37m-->&amp#27;[39m &amp#27;[37mPOST&amp#27;[39m &amp#27;[37m/wd/hub/session/49be007a-4dec-4791-aeb9-826b289ab962/element&amp#27;[39m
&amp#27;[35m[HTTP]&amp#27;[39m &amp#27;[90m{"using":"xpath","value":"//android.widget.TextView[@text='3. Preference dependencies']"}&amp#27;[39m
[debug] &amp#27;[35m[W3C (49be007a)]&amp#27;[39m Calling AppiumDriver.findElement() with args: ["xpath","//android.widget.TextView[@text='3. Preference dependencies']","49be007a-4dec-4791-aeb9-826b289ab962"]
[debug] &amp#27;[35m[BaseDriver]&amp#27;[39m Valid locator strategies for this request: xpath, id, class name, accessibility id, css selector, -android uiautomator
[debug] &amp#27;[35m[BaseDriver]&amp#27;[39m Waiting up to 10000 ms for condition
[debug] &amp#27;[35m[WD Proxy]&amp#27;[39m Matched '/element' to command name 'findElement'
[debug] &amp#27;[35m[WD Proxy]&amp#27;[39m Proxying [POST /element] to [POST http://127.0.0.1:8201/wd/hub/session/5a26efa6-6733-4daa-a142-e9e8b8325fcf/element] with body: {"strategy":"xpath","selector":"//android.widget.TextView[@text='3. Preference dependencies']","context":"","multiple":false}
[debug] &amp#27;[35m[WD Proxy]&amp#27;[39m Got response with status 200: {"sessionId":"5a26efa6-6733-4daa-a142-e9e8b8325fcf","value":{"ELEMENT":"00000000-0000-01f1-7fff-ffff00000019","element-6066-11e4-a52e-4f735466cecf":"00000000-0000-01f1-7fff-ffff00000019"}}
[debug] &amp#27;[35m[W3C (49be007a)]&amp#27;[39m Responding to client with driver.findElement() result: {"element-6066-11e4-a52e-4f735466cecf":"00000000-0000-01f1-7fff-ffff00000019","ELEMENT":"00000000-0000-01f1-7fff-ffff00000019"}
&amp#27;[35m[HTTP]&amp#27;[39m &amp#27;[37m<-- POST /wd/hub/session/49be007a-4dec-4791-aeb9-826b289ab962/element &amp#27;[39m&amp#27;[32m200&amp#27;[39m &amp#27;[90m1228 ms - 137&amp#27;[39m
&amp#27;[35m[HTTP]&amp#27;[39m &amp#27;[90m&amp#27;[39m
&amp#27;[35m[HTTP]&amp#27;[39m &amp#27;[37m-->&amp#27;[39m &amp#27;[37mPOST&amp#27;[39m &amp#27;[37m/wd/hub/session/49be007a-4dec-4791-aeb9-826b289ab962/element/00000000-0000-01f1-7fff-ffff00000019/click&amp#27;[39m
&amp#27;[35m[HTTP]&amp#27;[39m &amp#27;[90m{"id":"00000000-0000-01f1-7fff-ffff00000019"}&amp#27;[39m
[debug] &amp#27;[35m[W3C (49be007a)]&amp#27;[39m Calling AppiumDriver.click() with args: ["00000000-0000-01f1-7fff-ffff00000019","49be007a-4dec-4791-aeb9-826b289ab962"]
[debug] &amp#27;[35m[WD Proxy]&amp#27;[39m Matched '/element/00000000-0000-01f1-7fff-ffff00000019/click' to command name 'click'
[debug] &amp#27;[35m[WD Proxy]&amp#27;[39m Proxying [POST /element/00000000-0000-01f1-7fff-ffff00000019/click] to [POST http://127.0.0.1:8201/wd/hub/session/5a26efa6-6733-4daa-a142-e9e8b8325fcf/element/00000000-0000-01f1-7fff-ffff00000019/click] with body: {"element":"00000000-0000-01f1-7fff-ffff00000019"}
[debug] &amp#27;[35m[WD Proxy]&amp#27;[39m Got response with status 200: {"sessionId":"5a26efa6-6733-4daa-a142-e9e8b8325fcf","value":null}
[debug] &amp#27;[35m[W3C (49be007a)]&amp#27;[39m Responding to client with driver.click() result: null
&amp#27;[35m[HTTP]&amp#27;[39m &amp#27;[37m<-- POST /wd/hub/session/49be007a-4dec-4791-aeb9-826b289ab962/element/00000000-0000-01f1-7fff-ffff00000019/click &amp#27;[39m&amp#27;[32m200&amp#27;[39m &amp#27;[90m1596 ms - 14&amp#27;[39m
&amp#27;[35m[HTTP]&amp#27;[39m &amp#27;[90m&amp#27;[39m
]]></system-out>
    <system-err><![CDATA[SLF4J: Failed to load class "org.slf4j.impl.StaticLoggerBinder".
SLF4J: Defaulting to no-operation (NOP) logger implementation
SLF4J: See http://www.slf4j.org/codes.html#StaticLoggerBinder for further details.
Jul 01, 2022 3:40:42 PM io.appium.java_client.remote.AppiumCommandExecutor$1 lambda$0
INFO: Detected dialect: W3C
]]></system-err>
  </testcase>
  <testcase name="tapOnExpandableListsTest" classname="com.apmdemo.testcases.Expandable_List_Test" time="1.97">
    <system-out><![CDATA[&amp#27;[35m[HTTP]&amp#27;[39m &amp#27;[37m-->&amp#27;[39m &amp#27;[37mDELETE&amp#27;[39m &amp#27;[37m/wd/hub/session/49be007a-4dec-4791-aeb9-826b289ab962&amp#27;[39m
&amp#27;[35m[HTTP]&amp#27;[39m &amp#27;[90m{}&amp#27;[39m
[debug] &amp#27;[35m[W3C (49be007a)]&amp#27;[39m Calling AppiumDriver.deleteSession() with args: ["49be007a-4dec-4791-aeb9-826b289ab962"]
[debug] &amp#27;[35m[BaseDriver]&amp#27;[39m Event 'quitSessionRequested' logged at 1656670249629 (15:40:49 GMT+0530 (India Standard Time))
&amp#27;[35m[Appium]&amp#27;[39m Removing session 49be007a-4dec-4791-aeb9-826b289ab962 from our master session list
[debug] &amp#27;[35m[UiAutomator2]&amp#27;[39m Deleting UiAutomator2 session
[debug] &amp#27;[35m[UiAutomator2]&amp#27;[39m Deleting UiAutomator2 server session
[debug] &amp#27;[35m[WD Proxy]&amp#27;[39m Matched '/' to command name 'deleteSession'
[debug] &amp#27;[35m[WD Proxy]&amp#27;[39m Proxying [DELETE /] to [DELETE http://127.0.0.1:8201/wd/hub/session/5a26efa6-6733-4daa-a142-e9e8b8325fcf] with no body
[debug] &amp#27;[35m[WD Proxy]&amp#27;[39m Got response with status 200: {"sessionId":"5a26efa6-6733-4daa-a142-e9e8b8325fcf","value":null}
[debug] &amp#27;[35m[ADB]&amp#27;[39m Running 'C:\Users\admin\AppData\Local\Android\Sdk\platform-tools\adb.exe -P 5037 -s 4200f5fdaa5e442f shell am force-stop io.appium.android.apis'
[debug] &amp#27;[35m[Instrumentation]&amp#27;[39m .
[debug] &amp#27;[35m[Instrumentation]&amp#27;[39m Time: 20.077
[debug] &amp#27;[35m[Instrumentation]&amp#27;[39m 
[debug] &amp#27;[35m[Instrumentation]&amp#27;[39m OK (1 test)
[debug] &amp#27;[35m[Instrumentation]&amp#27;[39m The process has exited with code 0
[debug] &amp#27;[35m[Logcat]&amp#27;[39m Stopping logcat capture
[debug] &amp#27;[35m[ADB]&amp#27;[39m Removing forwarded port socket connection: 8201 
[debug] &amp#27;[35m[ADB]&amp#27;[39m Running 'C:\Users\admin\AppData\Local\Android\Sdk\platform-tools\adb.exe -P 5037 -s 4200f5fdaa5e442f forward --remove tcp:8201'
[debug] &amp#27;[35m[BaseDriver]&amp#27;[39m Event 'quitSessionFinished' logged at 1656670251986 (15:40:51 GMT+0530 (India Standard Time))
[debug] &amp#27;[35m[W3C (49be007a)]&amp#27;[39m Received response: null
[debug] &amp#27;[35m[W3C (49be007a)]&amp#27;[39m But deleting session, so not returning
[debug] &amp#27;[35m[W3C (49be007a)]&amp#27;[39m Responding to client with driver.deleteSession() result: null
&amp#27;[35m[HTTP]&amp#27;[39m &amp#27;[37m<-- DELETE /wd/hub/session/49be007a-4dec-4791-aeb9-826b289ab962 &amp#27;[39m&amp#27;[32m200&amp#27;[39m &amp#27;[90m2359 ms - 14&amp#27;[39m
&amp#27;[35m[HTTP]&amp#27;[39m &amp#27;[90m&amp#27;[39m
[debug] &amp#27;[35m[HTTP]&amp#27;[39m Request idempotency key: ebb3b2b2-365c-4fba-a623-12d791d36f2e
&amp#27;[35m[HTTP]&amp#27;[39m &amp#27;[37m-->&amp#27;[39m &amp#27;[37mPOST&amp#27;[39m &amp#27;[37m/wd/hub/session&amp#27;[39m
&amp#27;[35m[HTTP]&amp#27;[39m &amp#27;[90m{"desiredCapabilities":{"app":"C:\\Users\\admin\\eclipse-workspace\\AppiumFramework\\src\\ApiDemos-debug.apk","noReset":true,"newCommandTimeout":15,"automationName":"uiautomator2","platformName":"Android","deviceName":"Real device "},"capabilities":{"firstMatch":[{"appium:app":"C:\\Users\\admin\\eclipse-workspace\\AppiumFramework\\src\\ApiDemos-debug.apk","appium:automationName":"uiautomator2","appium:deviceName":"Real device ","appium:newCommandTimeout":15,"appium:noReset":true,"platformName":"android"}]}}&amp#27;[39m
[debug] &amp#27;[35m[W3C]&amp#27;[39m Calling AppiumDriver.createSession() with args: [{"app":"C:\\Users\\admin\\eclipse-workspace\\AppiumFramework\\src\\ApiDemos-debug.apk","noReset":true,"newCommandTimeout":15,"automationName":"uiautomator2","platformName":"Android","deviceName":"Real device "},null,{"firstMatch":[{"appium:app":"C:\\Users\\admin\\eclipse-workspace\\AppiumFramework\\src\\ApiDemos-debug.apk","appium:automationName":"uiautomator2","appium:deviceName":"Real device ","appium:newCommandTimeout":15,"appium:noReset":true,"platformName":"android"}]}]
[debug] &amp#27;[35m[BaseDriver]&amp#27;[39m Event 'newSessionRequested' logged at 1656670252001 (15:40:52 GMT+0530 (India Standard Time))
&amp#27;[35m[Appium]&amp#27;[39m Appium v1.22.2 creating new AndroidUiautomator2Driver (v1.70.1) session
[debug] &amp#27;[35m[BaseDriver]&amp#27;[39m W3C capabilities and MJSONWP desired capabilities were provided
[debug] &amp#27;[35m[BaseDriver]&amp#27;[39m Creating session with W3C capabilities: {
[debug] &amp#27;[35m[BaseDriver]&amp#27;[39m   "alwaysMatch": {
[debug] &amp#27;[35m[BaseDriver]&amp#27;[39m     "platformName": "android",
[debug] &amp#27;[35m[BaseDriver]&amp#27;[39m     "appium:app": "C:\\Users\\admin\\eclipse-workspace\\AppiumFramework\\src\\ApiDemos-debug.apk",
[debug] &amp#27;[35m[BaseDriver]&amp#27;[39m     "appium:automationName": "uiautomator2",
[debug] &amp#27;[35m[BaseDriver]&amp#27;[39m     "appium:deviceName": "Real device ",
[debug] &amp#27;[35m[BaseDriver]&amp#27;[39m     "appium:newCommandTimeout": 15,
[debug] &amp#27;[35m[BaseDriver]&amp#27;[39m     "appium:noReset": true
[debug] &amp#27;[35m[BaseDriver]&amp#27;[39m   },
[debug] &amp#27;[35m[BaseDriver]&amp#27;[39m   "firstMatch": [
[debug] &amp#27;[35m[BaseDriver]&amp#27;[39m     {}
[debug] &amp#27;[35m[BaseDriver]&amp#27;[39m   ]
[debug] &amp#27;[35m[BaseDriver]&amp#27;[39m }
&amp#27;[35m[BaseDriver]&amp#27;[39m Session created with session id: b1f98e4b-2c8f-479c-9651-1179ea603fae
&amp#27;[35m[BaseDriver]&amp#27;[39m Using local app 'C:\Users\admin\eclipse-workspace\AppiumFramework\src\ApiDemos-debug.apk'
[debug] &amp#27;[35m[UiAutomator2]&amp#27;[39m Checking whether app is actually present
&amp#27;[35m[ADB]&amp#27;[39m Using 'adb.exe' from 'C:\Users\admin\AppData\Local\Android\Sdk\platform-tools\adb.exe'
[debug] &amp#27;[35m[ADB]&amp#27;[39m Running 'C:\Users\admin\AppData\Local\Android\Sdk\platform-tools\adb.exe -P 5037 start-server'
&amp#27;[35m[AndroidDriver]&amp#27;[39m Retrieving device list
[debug] &amp#27;[35m[ADB]&amp#27;[39m Trying to find a connected android device
[debug] &amp#27;[35m[ADB]&amp#27;[39m Getting connected devices
[debug] &amp#27;[35m[ADB]&amp#27;[39m Connected devices: [{"udid":"4200f5fdaa5e442f","state":"device"}]
&amp#27;[35m[AndroidDriver]&amp#27;[39m Using device: 4200f5fdaa5e442f
&amp#27;[35m[ADB]&amp#27;[39m Using 'adb.exe' from 'C:\Users\admin\AppData\Local\Android\Sdk\platform-tools\adb.exe'
[debug] &amp#27;[35m[ADB]&amp#27;[39m Running 'C:\Users\admin\AppData\Local\Android\Sdk\platform-tools\adb.exe -P 5037 start-server'
[debug] &amp#27;[35m[ADB]&amp#27;[39m Setting device id to 4200f5fdaa5e442f
[debug] &amp#27;[35m[ADB]&amp#27;[39m Running 'C:\Users\admin\AppData\Local\Android\Sdk\platform-tools\adb.exe -P 5037 -s 4200f5fdaa5e442f shell getprop ro.build.version.sdk'
[debug] &amp#27;[35m[ADB]&amp#27;[39m Current device property 'ro.build.version.sdk': 25
[debug] &amp#27;[35m[ADB]&amp#27;[39m Device API level: 25
[debug] &amp#27;[35m[AndroidDriver]&amp#27;[39m Parsing package and activity from app manifest
&amp#27;[35m[ADB]&amp#27;[39m Package name: 'io.appium.android.apis'
&amp#27;[35m[ADB]&amp#27;[39m Main activity name: 'ApiDemos'
[debug] &amp#27;[35m[AndroidDriver]&amp#27;[39m Parsed package and activity are: io.appium.android.apis/ApiDemos
[debug] &amp#27;[35m[ADB]&amp#27;[39m Running 'C:\Users\admin\AppData\Local\Android\Sdk\platform-tools\adb.exe -P 5037 -s 4200f5fdaa5e442f wait-for-device'
[debug] &amp#27;[35m[ADB]&amp#27;[39m Running 'C:\Users\admin\AppData\Local\Android\Sdk\platform-tools\adb.exe -P 5037 -s 4200f5fdaa5e442f shell echo ping'
[debug] &amp#27;[35m[AndroidDriver]&amp#27;[39m Pushing settings apk to device...
[debug] &amp#27;[35m[ADB]&amp#27;[39m Getting install status for io.appium.settings
[debug] &amp#27;[35m[ADB]&amp#27;[39m Running 'C:\Users\admin\AppData\Local\Android\Sdk\platform-tools\adb.exe -P 5037 -s 4200f5fdaa5e442f shell dumpsys package io.appium.settings'
[debug] &amp#27;[35m[ADB]&amp#27;[39m 'io.appium.settings' is installed
[debug] &amp#27;[35m[ADB]&amp#27;[39m Getting package info for 'io.appium.settings'
[debug] &amp#27;[35m[ADB]&amp#27;[39m Running 'C:\Users\admin\AppData\Local\Android\Sdk\platform-tools\adb.exe -P 5037 -s 4200f5fdaa5e442f shell dumpsys package io.appium.settings'
[debug] &amp#27;[35m[ADB]&amp#27;[39m The version name of the installed 'io.appium.settings' is greater or equal to the application version name ('3.4.0' >= '3.4.0')
[debug] &amp#27;[35m[ADB]&amp#27;[39m There is no need to install/upgrade 'C:\Users\admin\AppData\Roaming\npm\node_modules\appium\node_modules\io.appium.settings\apks\settings_apk-debug.apk'
[debug] &amp#27;[35m[ADB]&amp#27;[39m Getting IDs of all 'io.appium.settings' processes
[debug] &amp#27;[35m[ADB]&amp#27;[39m Running 'C:\Users\admin\AppData\Local\Android\Sdk\platform-tools\adb.exe -P 5037 -s 4200f5fdaa5e442f shell 'pgrep --help; echo $?''
[debug] &amp#27;[35m[ADB]&amp#27;[39m Running 'C:\Users\admin\AppData\Local\Android\Sdk\platform-tools\adb.exe -P 5037 -s 4200f5fdaa5e442f shell 'pgrep ^appium\\.settings$ || pgrep ^io\\.appium\\.setti$''
[debug] &amp#27;[35m[AndroidDriver]&amp#27;[39m io.appium.settings is already running. There is no need to reset its permissions.
[debug] &amp#27;[35m[ADB]&amp#27;[39m Running 'C:\Users\admin\AppData\Local\Android\Sdk\platform-tools\adb.exe -P 5037 -s 4200f5fdaa5e442f shell appops set io.appium.settings android:mock_location allow'
[debug] &amp#27;[35m[Logcat]&amp#27;[39m Starting logs capture with command: C:\\Users\\admin\\AppData\\Local\\Android\\Sdk\\platform-tools\\adb.exe -P 5037 -s 4200f5fdaa5e442f logcat -v threadtime
[debug] &amp#27;[35m[UiAutomator2]&amp#27;[39m Forwarding UiAutomator2 Server port 6790 to local port 8201
[debug] &amp#27;[35m[ADB]&amp#27;[39m Forwarding system: 8201 to device: 6790
[debug] &amp#27;[35m[ADB]&amp#27;[39m Running 'C:\Users\admin\AppData\Local\Android\Sdk\platform-tools\adb.exe -P 5037 -s 4200f5fdaa5e442f forward tcp:8201 tcp:6790'
[debug] &amp#27;[35m[ADB]&amp#27;[39m Getting install status for io.appium.uiautomator2.server
[debug] &amp#27;[35m[ADB]&amp#27;[39m Running 'C:\Users\admin\AppData\Local\Android\Sdk\platform-tools\adb.exe -P 5037 -s 4200f5fdaa5e442f shell dumpsys package io.appium.uiautomator2.server'
[debug] &amp#27;[35m[ADB]&amp#27;[39m 'io.appium.uiautomator2.server' is installed
[debug] &amp#27;[35m[ADB]&amp#27;[39m Getting package info for 'io.appium.uiautomator2.server'
[debug] &amp#27;[35m[ADB]&amp#27;[39m Running 'C:\Users\admin\AppData\Local\Android\Sdk\platform-tools\adb.exe -P 5037 -s 4200f5fdaa5e442f shell dumpsys package io.appium.uiautomator2.server'
[debug] &amp#27;[35m[ADB]&amp#27;[39m The version name of the installed 'io.appium.uiautomator2.server' is greater or equal to the application version name ('4.27.0' >= '4.27.0')
[debug] &amp#27;[35m[UiAutomator2]&amp#27;[39m io.appium.uiautomator2.server installation state: sameVersionInstalled
[debug] &amp#27;[35m[ADB]&amp#27;[39m Checking app cert for C:\Users\admin\AppData\Roaming\npm\node_modules\appium\node_modules\appium-uiautomator2-server\apks\appium-uiautomator2-server-v4.27.0.apk
[debug] &amp#27;[35m[ADB]&amp#27;[39m Using the previously cached signature entry for 'appium-uiautomator2-server-v4.27.0.apk'
[debug] &amp#27;[35m[ADB]&amp#27;[39m sha256 hash did match for 'appium-uiautomator2-server-v4.27.0.apk'
[debug] &amp#27;[35m[ADB]&amp#27;[39m Getting install status for io.appium.uiautomator2.server.test
[debug] &amp#27;[35m[ADB]&amp#27;[39m Running 'C:\Users\admin\AppData\Local\Android\Sdk\platform-tools\adb.exe -P 5037 -s 4200f5fdaa5e442f shell dumpsys package io.appium.uiautomator2.server.test'
[debug] &amp#27;[35m[ADB]&amp#27;[39m 'io.appium.uiautomator2.server.test' is installed
[debug] &amp#27;[35m[ADB]&amp#27;[39m Checking app cert for C:\Users\admin\AppData\Roaming\npm\node_modules\appium\node_modules\appium-uiautomator2-server\apks\appium-uiautomator2-server-debug-androidTest.apk
[debug] &amp#27;[35m[ADB]&amp#27;[39m Using the previously cached signature entry for 'appium-uiautomator2-server-debug-androidTest.apk'
[debug] &amp#27;[35m[ADB]&amp#27;[39m sha256 hash did match for 'appium-uiautomator2-server-debug-androidTest.apk'
&amp#27;[35m[UiAutomator2]&amp#27;[39m Server packages are not going to be (re)installed
[debug] &amp#27;[35m[UiAutomator2]&amp#27;[39m Waiting up to 30000ms for services to be available
[debug] &amp#27;[35m[ADB]&amp#27;[39m Running 'C:\Users\admin\AppData\Local\Android\Sdk\platform-tools\adb.exe -P 5037 -s 4200f5fdaa5e442f shell pm list instrumentation'
[debug] &amp#27;[35m[UiAutomator2]&amp#27;[39m Instrumentation target 'io.appium.uiautomator2.server.test/androidx.test.runner.AndroidJUnitRunner' is available
&amp#27;[35m[ADB]&amp#27;[39m Adding packages ["io.appium.settings","io.appium.uiautomator2.server","io.appium.uiautomator2.server.test"] to Doze whitelist
[debug] &amp#27;[35m[ADB]&amp#27;[39m Got the following command chunks to execute: [["dumpsys","deviceidle","whitelist","+io.appium.settings",";","dumpsys","deviceidle","whitelist","+io.appium.uiautomator2.server",";","dumpsys","deviceidle","whitelist","+io.appium.uiautomator2.server.test",";"]]
[debug] &amp#27;[35m[ADB]&amp#27;[39m Running 'C:\Users\admin\AppData\Local\Android\Sdk\platform-tools\adb.exe -P 5037 -s 4200f5fdaa5e442f shell dumpsys deviceidle whitelist +io.appium.settings ; dumpsys deviceidle whitelist +io.appium.uiautomator2.server ; dumpsys deviceidle whitelist +io.appium.uiautomator2.server.test ;'
[debug] &amp#27;[35m[ADB]&amp#27;[39m Checking app cert for C:\Users\admin\eclipse-workspace\AppiumFramework\src\ApiDemos-debug.apk
[debug] &amp#27;[35m[ADB]&amp#27;[39m Using the previously cached signature entry for 'ApiDemos-debug.apk'
[debug] &amp#27;[35m[ADB]&amp#27;[39m Getting install status for io.appium.android.apis
[debug] &amp#27;[35m[ADB]&amp#27;[39m Running 'C:\Users\admin\AppData\Local\Android\Sdk\platform-tools\adb.exe -P 5037 -s 4200f5fdaa5e442f shell dumpsys package io.appium.android.apis'
[debug] &amp#27;[35m[ADB]&amp#27;[39m 'io.appium.android.apis' is installed
[debug] &amp#27;[35m[ADB]&amp#27;[39m Getting package info for 'io.appium.android.apis'
[debug] &amp#27;[35m[ADB]&amp#27;[39m Running 'C:\Users\admin\AppData\Local\Android\Sdk\platform-tools\adb.exe -P 5037 -s 4200f5fdaa5e442f shell dumpsys package io.appium.android.apis'
&amp#27;[35m[ADB]&amp#27;[39m Cannot read version codes of 'C:\Users\admin\eclipse-workspace\AppiumFramework\src\ApiDemos-debug.apk' and/or 'io.appium.android.apis'
&amp#27;[35m[ADB]&amp#27;[39m Cannot read version names of 'C:\Users\admin\eclipse-workspace\AppiumFramework\src\ApiDemos-debug.apk' and/or 'io.appium.android.apis'
[debug] &amp#27;[35m[ADB]&amp#27;[39m The current install state of 'C:\Users\admin\eclipse-workspace\AppiumFramework\src\ApiDemos-debug.apk' is unknown. Installing anyway
[debug] &amp#27;[35m[ADB]&amp#27;[39m Running 'C:\Users\admin\AppData\Local\Android\Sdk\platform-tools\adb.exe -P 5037 -s 4200f5fdaa5e442f features'
&amp#27;[35m[ADB]&amp#27;[39m The application at 'C:\Users\admin\eclipse-workspace\AppiumFramework\src\ApiDemos-debug.apk' will not be cached, because the device under test has confirmed the support of streamed installs
[debug] &amp#27;[35m[ADB]&amp#27;[39m Running 'C:\Users\admin\AppData\Local\Android\Sdk\platform-tools\adb.exe -P 5037 -s 4200f5fdaa5e442f install -r C:\Users\admin\eclipse-workspace\AppiumFramework\src\ApiDemos-debug.apk'
&amp#27;[35m[ADB]&amp#27;[39m The installation of 'ApiDemos-debug.apk' took 2849ms
[debug] &amp#27;[35m[ADB]&amp#27;[39m Install command stdout: Performing Streamed Install
[debug] &amp#27;[35m[ADB]&amp#27;[39m Success
[debug] &amp#27;[35m[UiAutomator2]&amp#27;[39m Performing shallow cleanup of automation leftovers
[debug] &amp#27;[35m[UiAutomator2]&amp#27;[39m No obsolete sessions have been detected (socket hang up)
[debug] &amp#27;[35m[ADB]&amp#27;[39m Running 'C:\Users\admin\AppData\Local\Android\Sdk\platform-tools\adb.exe -P 5037 -s 4200f5fdaa5e442f shell am force-stop io.appium.uiautomator2.server.test'
&amp#27;[35m[UiAutomator2]&amp#27;[39m Starting UIAutomator2 server 4.27.0
&amp#27;[35m[UiAutomator2]&amp#27;[39m Using UIAutomator2 server from 'C:\Users\admin\AppData\Roaming\npm\node_modules\appium\node_modules\appium-uiautomator2-server\apks\appium-uiautomator2-server-v4.27.0.apk' and test from 'C:\Users\admin\AppData\Roaming\npm\node_modules\appium\node_modules\appium-uiautomator2-server\apks\appium-uiautomator2-server-debug-androidTest.apk'
&amp#27;[35m[UiAutomator2]&amp#27;[39m Waiting up to 30000ms for UiAutomator2 to be online...
[debug] &amp#27;[35m[ADB]&amp#27;[39m Creating ADB subprocess with args: ["-P",5037,"-s","4200f5fdaa5e442f","shell","am","instrument","-w","-e","disableAnalytics",true,"io.appium.uiautomator2.server.test/androidx.test.runner.AndroidJUnitRunner"]
[debug] &amp#27;[35m[WD Proxy]&amp#27;[39m Matched '/status' to command name 'getStatus'
[debug] &amp#27;[35m[WD Proxy]&amp#27;[39m Proxying [GET /status] to [GET http://127.0.0.1:8201/wd/hub/status] with no body
&amp#27;[35m[WD Proxy]&amp#27;[39m socket hang up
[debug] &amp#27;[35m[WD Proxy]&amp#27;[39m Matched '/status' to command name 'getStatus'
[debug] &amp#27;[35m[WD Proxy]&amp#27;[39m Proxying [GET /status] to [GET http://127.0.0.1:8201/wd/hub/status] with no body
&amp#27;[35m[WD Proxy]&amp#27;[39m socket hang up
[debug] &amp#27;[35m[WD Proxy]&amp#27;[39m Matched '/status' to command name 'getStatus'
[debug] &amp#27;[35m[WD Proxy]&amp#27;[39m Proxying [GET /status] to [GET http://127.0.0.1:8201/wd/hub/status] with no body
&amp#27;[35m[WD Proxy]&amp#27;[39m socket hang up
[debug] &amp#27;[35m[WD Proxy]&amp#27;[39m Matched '/status' to command name 'getStatus'
[debug] &amp#27;[35m[WD Proxy]&amp#27;[39m Proxying [GET /status] to [GET http://127.0.0.1:8201/wd/hub/status] with no body
&amp#27;[35m[WD Proxy]&amp#27;[39m socket hang up
[debug] &amp#27;[35m[WD Proxy]&amp#27;[39m Matched '/status' to command name 'getStatus'
[debug] &amp#27;[35m[WD Proxy]&amp#27;[39m Proxying [GET /status] to [GET http://127.0.0.1:8201/wd/hub/status] with no body
&amp#27;[35m[WD Proxy]&amp#27;[39m socket hang up
[debug] &amp#27;[35m[Instrumentation]&amp#27;[39m io.appium.uiautomator2.server.test.AppiumUiAutomator2Server:
[debug] &amp#27;[35m[WD Proxy]&amp#27;[39m Matched '/status' to command name 'getStatus'
[debug] &amp#27;[35m[WD Proxy]&amp#27;[39m Proxying [GET /status] to [GET http://127.0.0.1:8201/wd/hub/status] with no body
&amp#27;[35m[WD Proxy]&amp#27;[39m socket hang up
[debug] &amp#27;[35m[WD Proxy]&amp#27;[39m Matched '/status' to command name 'getStatus'
[debug] &amp#27;[35m[WD Proxy]&amp#27;[39m Proxying [GET /status] to [GET http://127.0.0.1:8201/wd/hub/status] with no body
&amp#27;[35m[WD Proxy]&amp#27;[39m socket hang up
[debug] &amp#27;[35m[WD Proxy]&amp#27;[39m Matched '/status' to command name 'getStatus'
[debug] &amp#27;[35m[WD Proxy]&amp#27;[39m Proxying [GET /status] to [GET http://127.0.0.1:8201/wd/hub/status] with no body
[debug] &amp#27;[35m[WD Proxy]&amp#27;[39m Got response with status 200: {"sessionId":"None","value":{"message":"UiAutomator2 Server is ready to accept commands","ready":true}}
[debug] &amp#27;[35m[UiAutomator2]&amp#27;[39m The initialization of the instrumentation process took 7234ms
[debug] &amp#27;[35m[WD Proxy]&amp#27;[39m Matched '/session' to command name 'createSession'
[debug] &amp#27;[35m[WD Proxy]&amp#27;[39m Proxying [POST /session] to [POST http://127.0.0.1:8201/wd/hub/session] with body: {"capabilities":{"firstMatch":[{"platform":"LINUX","webStorageEnabled":false,"takesScreenshot":true,"javascriptEnabled":true,"databaseEnabled":false,"networkConnectionEnabled":true,"locationContextEnabled":false,"warnings":{},"desired":{"platformName":"android","app":"C:\\Users\\admin\\eclipse-workspace\\AppiumFramework\\src\\ApiDemos-debug.apk","automationName":"uiautomator2","deviceName":"Real device ","newCommandTimeout":15,"noReset":true},"platformName":"android","app":"C:\\Users\\admin\\eclipse-workspace\\AppiumFramework\\src\\ApiDemos-debug.apk","automationName":"uiautomator2","deviceName":"4200f5fdaa5e442f","newCommandTimeout":15,"noReset":true,"deviceUDID":"4200f5fdaa5e442f","appPackage":"io.appium.android.apis"}],"alwaysMatch":{}}}
[debug] &amp#27;[35m[WD Proxy]&amp#27;[39m Got response with status 200: {"sessionId":"fd08338f-e634-4201-854d-4a81dcb54900","value":{"capabilities":{"firstMatch":[{"platform":"LINUX","webStorageEnabled":false,"takesScreenshot":true,"javascriptEnabled":true,"databaseEnabled":false,"networkConnectionEnabled":true,"locationContextEnabled":false,"warnings":{},"desired":{"platformName":"android","app":"C:\\Users\\admin\\eclipse-workspace\\AppiumFramework\\src\\ApiDemos-debug.apk","automationName":"uiautomator2","deviceName":"Real device ","newCommandTimeout":15,"noReset":true},"platformName":"android","app":"C:\\Users\\admin\\eclipse-workspace\\AppiumFramework\\src\\ApiDemos-debug.apk","automationName":"uiautomator2","deviceName":"4200f5fdaa5e442f","newCommandTimeout":15,"noReset":true,"deviceUDID":"4200f5fdaa5e442f","appPackage":"io.appium.android.apis"}],"alwaysMatch":{}},"sessionId":"fd08338f-e634-4201-854d-4a81dcb54900"}}
&amp#27;[35m[WD Proxy]&amp#27;[39m Determined the downstream protocol as 'W3C'
[debug] &amp#27;[35m[WD Proxy]&amp#27;[39m Proxying [GET /appium/device/info] to [GET http://127.0.0.1:8201/wd/hub/session/fd08338f-e634-4201-854d-4a81dcb54900/appium/device/info] with no body
[debug] &amp#27;[35m[WD Proxy]&amp#27;[39m Got response with status 200: {"sessionId":"fd08338f-e634-4201-854d-4a81dcb54900","value":{"androidId":"13b9930c9c7d70a1","apiVersion":"25","bluetooth":{"state":"OFF"},"brand":"samsung","carrierName":"","displayDensity":320,"locale":"en_GB","manufacturer":"samsung","model":"SM-G550FY","networks":[{"capabilities":{"SSID":null,"linkDownBandwidthKbps":1048576,"linkUpstreamBandwidthKbps":1048576,"networkCapabilities":"NET_CAPABILITY_NOT_RESTRICTED,NET_CAPABILITY_NOT_VPN,NET_CAPABILITY_WIFI_P2P,NET_CAPABILITY_TRUSTED","signalStrength":-2147483648,"transportTypes":"TRANSPORT_WIFI"},"detailedState":"DISCONNECTED","extraInfo":null,"isAvailable":true,"isConnected":false,"isFailover":false,"isRoaming":false,"state":"DISCONNECTED","subtype":0,"subtypeName":"","type":13,"typeName":"WIFI_P2P"},{"capabilities":{"SSID":null,"linkDownBandwidthKbps":1048576,"linkUpstreamBandwidthKbps":1048576,"networkCapabilities":"NET_CAPABILITY_NOT_METERED,NET_CAPABILITY_NOT_RESTRICTED,NET_CAPABILITY_NOT_VPN,NET_CAPABILITY_NOT_ROAMING,NET_CAPABILITY_INTERNET,NET_CAPA...
[debug] &amp#27;[35m[ADB]&amp#27;[39m Running 'C:\Users\admin\AppData\Local\Android\Sdk\platform-tools\adb.exe -P 5037 -s 4200f5fdaa5e442f shell dumpsys window'
[debug] &amp#27;[35m[AndroidDriver]&amp#27;[39m Screen is locked, trying to unlock
&amp#27;[35m[AndroidDriver]&amp#27;[39m Using app unlock, this is going to be deprecated!
&amp#27;[35m[AndroidDriver]&amp#27;[39m Unlocking screen
&amp#27;[35m[AndroidDriver]&amp#27;[39m Launching .Unlock
[debug] &amp#27;[35m[ADB]&amp#27;[39m Running 'C:\Users\admin\AppData\Local\Android\Sdk\platform-tools\adb.exe -P 5037 -s 4200f5fdaa5e442f shell am start -n io.appium.settings/.Unlock -c android.intent.category.LAUNCHER -a android.intent.action.MAIN -f 0x10200000'
&amp#27;[35m[UiAutomator2]&amp#27;[39m Starting 'io.appium.android.apis/ApiDemos and waiting for 'io.appium.android.apis/ApiDemos'
[debug] &amp#27;[35m[ADB]&amp#27;[39m Running 'C:\Users\admin\AppData\Local\Android\Sdk\platform-tools\adb.exe -P 5037 -s 4200f5fdaa5e442f shell am start -W -n io.appium.android.apis/ApiDemos -S -a android.intent.action.MAIN -c android.intent.category.LAUNCHER -f 0x10200000'
[debug] &amp#27;[35m[ADB]&amp#27;[39m We tried to start an activity that doesn't exist, retrying with '.ApiDemos' activity name
[debug] &amp#27;[35m[ADB]&amp#27;[39m Running 'C:\Users\admin\AppData\Local\Android\Sdk\platform-tools\adb.exe -P 5037 -s 4200f5fdaa5e442f shell am start -W -n io.appium.android.apis/.ApiDemos -S -a android.intent.action.MAIN -c android.intent.category.LAUNCHER -f 0x10200000'
[debug] &amp#27;[35m[ADB]&amp#27;[39m Waiting up to 20000ms for activity matching pkg: 'io.appium.android.apis' and activity: 'ApiDemos' to be focused
[debug] &amp#27;[35m[ADB]&amp#27;[39m Possible activities, to be checked: 'ApiDemos', 'io.appium.android.apis.ApiDemos'
[debug] &amp#27;[35m[ADB]&amp#27;[39m Getting focused package and activity
[debug] &amp#27;[35m[ADB]&amp#27;[39m Running 'C:\Users\admin\AppData\Local\Android\Sdk\platform-tools\adb.exe -P 5037 -s 4200f5fdaa5e442f shell dumpsys window windows'
[debug] &amp#27;[35m[ADB]&amp#27;[39m Found package: 'io.appium.android.apis' and fully qualified activity name : 'io.appium.android.apis.ApiDemos'
[debug] &amp#27;[35m[WD Proxy]&amp#27;[39m Proxying [GET /appium/device/pixel_ratio] to [GET http://127.0.0.1:8201/wd/hub/session/fd08338f-e634-4201-854d-4a81dcb54900/appium/device/pixel_ratio] with no body
[debug] &amp#27;[35m[WD Proxy]&amp#27;[39m Got response with status 200: {"sessionId":"fd08338f-e634-4201-854d-4a81dcb54900","value":2}
[debug] &amp#27;[35m[WD Proxy]&amp#27;[39m Matched '/appium/device/system_bars' to command name 'getSystemBars'
[debug] &amp#27;[35m[WD Proxy]&amp#27;[39m Proxying [GET /appium/device/system_bars] to [GET http://127.0.0.1:8201/wd/hub/session/fd08338f-e634-4201-854d-4a81dcb54900/appium/device/system_bars] with no body
[debug] &amp#27;[35m[WD Proxy]&amp#27;[39m Got response with status 200: {"sessionId":"fd08338f-e634-4201-854d-4a81dcb54900","value":{"statusBar":48}}
[debug] &amp#27;[35m[WD Proxy]&amp#27;[39m Matched '/window/current/size' to command name 'getWindowSize'
[debug] &amp#27;[35m[WD Proxy]&amp#27;[39m Proxying [GET /window/current/size] to [GET http://127.0.0.1:8201/wd/hub/session/fd08338f-e634-4201-854d-4a81dcb54900/window/current/size] with no body
[debug] &amp#27;[35m[WD Proxy]&amp#27;[39m Got response with status 200: {"sessionId":"fd08338f-e634-4201-854d-4a81dcb54900","value":{"height":1280,"width":720}}
&amp#27;[35m[Appium]&amp#27;[39m New AndroidUiautomator2Driver session created successfully, session b1f98e4b-2c8f-479c-9651-1179ea603fae added to master session list
[debug] &amp#27;[35m[BaseDriver]&amp#27;[39m Event 'newSessionStarted' logged at 1656670282221 (15:41:22 GMT+0530 (India Standard Time))
[debug] &amp#27;[35m[W3C (b1f98e4b)]&amp#27;[39m Cached the protocol value 'W3C' for the new session b1f98e4b-2c8f-479c-9651-1179ea603fae
[debug] &amp#27;[35m[W3C (b1f98e4b)]&amp#27;[39m Responding to client with driver.createSession() result: {"capabilities":{"platform":"LINUX","webStorageEnabled":false,"takesScreenshot":true,"javascriptEnabled":true,"databaseEnabled":false,"networkConnectionEnabled":true,"locationContextEnabled":false,"warnings":{},"desired":{"platformName":"android","app":"C:\\Users\\admin\\eclipse-workspace\\AppiumFramework\\src\\ApiDemos-debug.apk","automationName":"uiautomator2","deviceName":"Real device ","newCommandTimeout":15,"noReset":true},"platformName":"android","app":"C:\\Users\\admin\\eclipse-workspace\\AppiumFramework\\src\\ApiDemos-debug.apk","automationName":"uiautomator2","deviceName":"4200f5fdaa5e442f","newCommandTimeout":15,"noReset":true,"deviceUDID":"4200f5fdaa5e442f","appPackage":"io.appium.android.apis","deviceApiLevel":25,"platformVersion":"7.1.1","deviceScreenSize":"720x1280","deviceScreenDensity":320,"deviceModel":"SM-G550FY","deviceManufacturer":"samsung","pixelRatio":2,"statBarHeight":48,"viewportRect":{"left":0,"top":48,"width":720,"height":1232}}}
&amp#27;[35m[HTTP]&amp#27;[39m &amp#27;[37m<-- POST /wd/hub/session &amp#27;[39m&amp#27;[32m200&amp#27;[39m &amp#27;[90m30223 ms - 1031&amp#27;[39m
&amp#27;[35m[HTTP]&amp#27;[39m &amp#27;[90m&amp#27;[39m
&amp#27;[35m[HTTP]&amp#27;[39m &amp#27;[37m-->&amp#27;[39m &amp#27;[37mPOST&amp#27;[39m &amp#27;[37m/wd/hub/session/b1f98e4b-2c8f-479c-9651-1179ea603fae/timeouts&amp#27;[39m
&amp#27;[35m[HTTP]&amp#27;[39m &amp#27;[90m{"implicit":10000}&amp#27;[39m
[debug] &amp#27;[35m[W3C (b1f98e4b)]&amp#27;[39m Calling AppiumDriver.timeouts() with args: [null,null,null,null,10000,"b1f98e4b-2c8f-479c-9651-1179ea603fae"]
[debug] &amp#27;[35m[BaseDriver]&amp#27;[39m W3C timeout argument: {"implicit":10000}}
[debug] &amp#27;[35m[BaseDriver]&amp#27;[39m Set implicit wait to 10000ms
[debug] &amp#27;[35m[W3C (b1f98e4b)]&amp#27;[39m Responding to client with driver.timeouts() result: null
&amp#27;[35m[HTTP]&amp#27;[39m &amp#27;[37m<-- POST /wd/hub/session/b1f98e4b-2c8f-479c-9651-1179ea603fae/timeouts &amp#27;[39m&amp#27;[32m200&amp#27;[39m &amp#27;[90m3 ms - 14&amp#27;[39m
&amp#27;[35m[HTTP]&amp#27;[39m &amp#27;[90m&amp#27;[39m
hiii
&amp#27;[35m[HTTP]&amp#27;[39m &amp#27;[37m-->&amp#27;[39m &amp#27;[37mGET&amp#27;[39m &amp#27;[37m/wd/hub/session/b1f98e4b-2c8f-479c-9651-1179ea603fae/context&amp#27;[39m
&amp#27;[35m[HTTP]&amp#27;[39m &amp#27;[90m{}&amp#27;[39m
[debug] &amp#27;[35m[W3C (b1f98e4b)]&amp#27;[39m Calling AppiumDriver.getCurrentContext() with args: ["b1f98e4b-2c8f-479c-9651-1179ea603fae"]
[debug] &amp#27;[35m[W3C (b1f98e4b)]&amp#27;[39m Responding to client with driver.getCurrentContext() result: "NATIVE_APP"
&amp#27;[35m[HTTP]&amp#27;[39m &amp#27;[37m<-- GET /wd/hub/session/b1f98e4b-2c8f-479c-9651-1179ea603fae/context &amp#27;[39m&amp#27;[32m200&amp#27;[39m &amp#27;[90m3 ms - 22&amp#27;[39m
&amp#27;[35m[HTTP]&amp#27;[39m &amp#27;[90m&amp#27;[39m
&amp#27;[35m[HTTP]&amp#27;[39m &amp#27;[37m-->&amp#27;[39m &amp#27;[37mPOST&amp#27;[39m &amp#27;[37m/wd/hub/session/b1f98e4b-2c8f-479c-9651-1179ea603fae/element&amp#27;[39m
&amp#27;[35m[HTTP]&amp#27;[39m &amp#27;[90m{"using":"xpath","value":"//android.widget.TextView[@text='Views']"}&amp#27;[39m
[debug] &amp#27;[35m[W3C (b1f98e4b)]&amp#27;[39m Calling AppiumDriver.findElement() with args: ["xpath","//android.widget.TextView[@text='Views']","b1f98e4b-2c8f-479c-9651-1179ea603fae"]
[debug] &amp#27;[35m[BaseDriver]&amp#27;[39m Valid locator strategies for this request: xpath, id, class name, accessibility id, css selector, -android uiautomator
[debug] &amp#27;[35m[BaseDriver]&amp#27;[39m Waiting up to 10000 ms for condition
[debug] &amp#27;[35m[WD Proxy]&amp#27;[39m Matched '/element' to command name 'findElement'
[debug] &amp#27;[35m[WD Proxy]&amp#27;[39m Proxying [POST /element] to [POST http://127.0.0.1:8201/wd/hub/session/fd08338f-e634-4201-854d-4a81dcb54900/element] with body: {"strategy":"xpath","selector":"//android.widget.TextView[@text='Views']","context":"","multiple":false}
[debug] &amp#27;[35m[WD Proxy]&amp#27;[39m Got response with status 200: {"sessionId":"fd08338f-e634-4201-854d-4a81dcb54900","value":{"ELEMENT":"00000000-0000-020c-7fff-ffff0000000e","element-6066-11e4-a52e-4f735466cecf":"00000000-0000-020c-7fff-ffff0000000e"}}
[debug] &amp#27;[35m[W3C (b1f98e4b)]&amp#27;[39m Responding to client with driver.findElement() result: {"element-6066-11e4-a52e-4f735466cecf":"00000000-0000-020c-7fff-ffff0000000e","ELEMENT":"00000000-0000-020c-7fff-ffff0000000e"}
&amp#27;[35m[HTTP]&amp#27;[39m &amp#27;[37m<-- POST /wd/hub/session/b1f98e4b-2c8f-479c-9651-1179ea603fae/element &amp#27;[39m&amp#27;[32m200&amp#27;[39m &amp#27;[90m887 ms - 137&amp#27;[39m
&amp#27;[35m[HTTP]&amp#27;[39m &amp#27;[90m&amp#27;[39m
&amp#27;[35m[HTTP]&amp#27;[39m &amp#27;[37m-->&amp#27;[39m &amp#27;[37mPOST&amp#27;[39m &amp#27;[37m/wd/hub/session/b1f98e4b-2c8f-479c-9651-1179ea603fae/element/00000000-0000-020c-7fff-ffff0000000e/click&amp#27;[39m
&amp#27;[35m[HTTP]&amp#27;[39m &amp#27;[90m{"id":"00000000-0000-020c-7fff-ffff0000000e"}&amp#27;[39m
[debug] &amp#27;[35m[W3C (b1f98e4b)]&amp#27;[39m Calling AppiumDriver.click() with args: ["00000000-0000-020c-7fff-ffff0000000e","b1f98e4b-2c8f-479c-9651-1179ea603fae"]
[debug] &amp#27;[35m[WD Proxy]&amp#27;[39m Matched '/element/00000000-0000-020c-7fff-ffff0000000e/click' to command name 'click'
[debug] &amp#27;[35m[WD Proxy]&amp#27;[39m Proxying [POST /element/00000000-0000-020c-7fff-ffff0000000e/click] to [POST http://127.0.0.1:8201/wd/hub/session/fd08338f-e634-4201-854d-4a81dcb54900/element/00000000-0000-020c-7fff-ffff0000000e/click] with body: {"element":"00000000-0000-020c-7fff-ffff0000000e"}
[debug] &amp#27;[35m[WD Proxy]&amp#27;[39m Got response with status 200: {"sessionId":"fd08338f-e634-4201-854d-4a81dcb54900","value":null}
[debug] &amp#27;[35m[W3C (b1f98e4b)]&amp#27;[39m Responding to client with driver.click() result: null
&amp#27;[35m[HTTP]&amp#27;[39m &amp#27;[37m<-- POST /wd/hub/session/b1f98e4b-2c8f-479c-9651-1179ea603fae/element/00000000-0000-020c-7fff-ffff0000000e/click &amp#27;[39m&amp#27;[32m200&amp#27;[39m &amp#27;[90m660 ms - 14&amp#27;[39m
&amp#27;[35m[HTTP]&amp#27;[39m &amp#27;[90m&amp#27;[39m
&amp#27;[35m[HTTP]&amp#27;[39m &amp#27;[37m-->&amp#27;[39m &amp#27;[37mGET&amp#27;[39m &amp#27;[37m/wd/hub/session/b1f98e4b-2c8f-479c-9651-1179ea603fae/context&amp#27;[39m
&amp#27;[35m[HTTP]&amp#27;[39m &amp#27;[90m{}&amp#27;[39m
[debug] &amp#27;[35m[W3C (b1f98e4b)]&amp#27;[39m Calling AppiumDriver.getCurrentContext() with args: ["b1f98e4b-2c8f-479c-9651-1179ea603fae"]
[debug] &amp#27;[35m[W3C (b1f98e4b)]&amp#27;[39m Responding to client with driver.getCurrentContext() result: "NATIVE_APP"
&amp#27;[35m[HTTP]&amp#27;[39m &amp#27;[37m<-- GET /wd/hub/session/b1f98e4b-2c8f-479c-9651-1179ea603fae/context &amp#27;[39m&amp#27;[32m200&amp#27;[39m &amp#27;[90m1 ms - 22&amp#27;[39m
&amp#27;[35m[HTTP]&amp#27;[39m &amp#27;[90m&amp#27;[39m
&amp#27;[35m[HTTP]&amp#27;[39m &amp#27;[37m-->&amp#27;[39m &amp#27;[37mPOST&amp#27;[39m &amp#27;[37m/wd/hub/session/b1f98e4b-2c8f-479c-9651-1179ea603fae/element&amp#27;[39m
&amp#27;[35m[HTTP]&amp#27;[39m &amp#27;[90m{"using":"xpath","value":"//android.widget.TextView[@text='Expandable Lists']"}&amp#27;[39m
[debug] &amp#27;[35m[W3C (b1f98e4b)]&amp#27;[39m Calling AppiumDriver.findElement() with args: ["xpath","//android.widget.TextView[@text='Expandable Lists']","b1f98e4b-2c8f-479c-9651-1179ea603fae"]
[debug] &amp#27;[35m[BaseDriver]&amp#27;[39m Valid locator strategies for this request: xpath, id, class name, accessibility id, css selector, -android uiautomator
[debug] &amp#27;[35m[BaseDriver]&amp#27;[39m Waiting up to 10000 ms for condition
[debug] &amp#27;[35m[WD Proxy]&amp#27;[39m Matched '/element' to command name 'findElement'
[debug] &amp#27;[35m[WD Proxy]&amp#27;[39m Proxying [POST /element] to [POST http://127.0.0.1:8201/wd/hub/session/fd08338f-e634-4201-854d-4a81dcb54900/element] with body: {"strategy":"xpath","selector":"//android.widget.TextView[@text='Expandable Lists']","context":"","multiple":false}
[debug] &amp#27;[35m[WD Proxy]&amp#27;[39m Got response with status 200: {"sessionId":"fd08338f-e634-4201-854d-4a81dcb54900","value":{"ELEMENT":"00000000-0000-020d-7fff-ffff0000001f","element-6066-11e4-a52e-4f735466cecf":"00000000-0000-020d-7fff-ffff0000001f"}}
[debug] &amp#27;[35m[W3C (b1f98e4b)]&amp#27;[39m Responding to client with driver.findElement() result: {"element-6066-11e4-a52e-4f735466cecf":"00000000-0000-020d-7fff-ffff0000001f","ELEMENT":"00000000-0000-020d-7fff-ffff0000001f"}
&amp#27;[35m[HTTP]&amp#27;[39m &amp#27;[37m<-- POST /wd/hub/session/b1f98e4b-2c8f-479c-9651-1179ea603fae/element &amp#27;[39m&amp#27;[32m200&amp#27;[39m &amp#27;[90m1278 ms - 137&amp#27;[39m
&amp#27;[35m[HTTP]&amp#27;[39m &amp#27;[90m&amp#27;[39m
&amp#27;[35m[HTTP]&amp#27;[39m &amp#27;[37m-->&amp#27;[39m &amp#27;[37mPOST&amp#27;[39m &amp#27;[37m/wd/hub/session/b1f98e4b-2c8f-479c-9651-1179ea603fae/element/00000000-0000-020d-7fff-ffff0000001f/click&amp#27;[39m
&amp#27;[35m[HTTP]&amp#27;[39m &amp#27;[90m{"id":"00000000-0000-020d-7fff-ffff0000001f"}&amp#27;[39m
[debug] &amp#27;[35m[W3C (b1f98e4b)]&amp#27;[39m Calling AppiumDriver.click() with args: ["00000000-0000-020d-7fff-ffff0000001f","b1f98e4b-2c8f-479c-9651-1179ea603fae"]
[debug] &amp#27;[35m[WD Proxy]&amp#27;[39m Matched '/element/00000000-0000-020d-7fff-ffff0000001f/click' to command name 'click'
[debug] &amp#27;[35m[WD Proxy]&amp#27;[39m Proxying [POST /element/00000000-0000-020d-7fff-ffff0000001f/click] to [POST http://127.0.0.1:8201/wd/hub/session/fd08338f-e634-4201-854d-4a81dcb54900/element/00000000-0000-020d-7fff-ffff0000001f/click] with body: {"element":"00000000-0000-020d-7fff-ffff0000001f"}
[debug] &amp#27;[35m[WD Proxy]&amp#27;[39m Got response with status 200: {"sessionId":"fd08338f-e634-4201-854d-4a81dcb54900","value":null}
[debug] &amp#27;[35m[W3C (b1f98e4b)]&amp#27;[39m Responding to client with driver.click() result: null
&amp#27;[35m[HTTP]&amp#27;[39m &amp#27;[37m<-- POST /wd/hub/session/b1f98e4b-2c8f-479c-9651-1179ea603fae/element/00000000-0000-020d-7fff-ffff0000001f/click &amp#27;[39m&amp#27;[32m200&amp#27;[39m &amp#27;[90m662 ms - 14&amp#27;[39m
&amp#27;[35m[HTTP]&amp#27;[39m &amp#27;[90m&amp#27;[39m
]]></system-out>
    <system-err><![CDATA[Jul 01, 2022 3:41:22 PM io.appium.java_client.remote.AppiumCommandExecutor$1 lambda$0
INFO: Detected dialect: W3C
]]></system-err>
  </testcase>
  <testcase name="tapOn_Change_Date_Test" classname="com.apmdemo.testcases.Date_Time_widget_Test" time="12.989">
    <failure message="Can&apos;t locate an element by this strategy: By.chained({By.xpath: //android.widget.Button[@text=&apos;O&apos;]})" type="org.openqa.selenium.NoSuchElementException"><![CDATA[org.openqa.selenium.NoSuchElementException: Can't locate an element by this strategy: By.chained({By.xpath: //android.widget.Button[@text='O']})
	at io.appium.java_client.pagefactory.AppiumElementLocator.findElement(AppiumElementLocator.java:126)
	at io.appium.java_client.pagefactory.interceptors.InterceptorOfASingleElement.intercept(InterceptorOfASingleElement.java:59)
	at io.appium.java_client.android.AndroidElement$$EnhancerByCGLIB$$b598166c.click(<generated>)
	at com.apmdemo.pages.Date_Time_widget.close_the_Date_PopUp(Date_Time_widget.java:68)
	at com.apmdemo.testcases.Date_Time_widget_Test.tapOn_Change_Date_Test(Date_Time_widget_Test.java:36)
	at java.base/jdk.internal.reflect.NativeMethodAccessorImpl.invoke0(Native Method)
	at java.base/jdk.internal.reflect.NativeMethodAccessorImpl.invoke(NativeMethodAccessorImpl.java:62)
	at java.base/jdk.internal.reflect.DelegatingMethodAccessorImpl.invoke(DelegatingMethodAccessorImpl.java:43)
	at java.base/java.lang.reflect.Method.invoke(Method.java:566)
	at org.testng.internal.invokers.MethodInvocationHelper.invokeMethod(MethodInvocationHelper.java:135)
	at org.testng.internal.invokers.TestInvoker.invokeMethod(TestInvoker.java:673)
	at org.testng.internal.invokers.TestInvoker.invokeTestMethod(TestInvoker.java:220)
	at org.testng.internal.invokers.MethodRunner.runInSequence(MethodRunner.java:50)
	at org.testng.internal.invokers.TestInvoker$MethodInvocationAgent.invoke(TestInvoker.java:945)
	at org.testng.internal.invokers.TestInvoker.invokeTestMethods(TestInvoker.java:193)
	at org.testng.internal.invokers.TestMethodWorker.invokeTestMethods(TestMethodWorker.java:146)
	at org.testng.internal.invokers.TestMethodWorker.run(TestMethodWorker.java:128)
	at java.base/java.util.ArrayList.forEach(ArrayList.java:1540)
	at org.testng.TestRunner.privateRun(TestRunner.java:808)
	at org.testng.TestRunner.run(TestRunner.java:603)
	at org.testng.SuiteRunner.runTest(SuiteRunner.java:429)
	at org.testng.SuiteRunner.runSequentially(SuiteRunner.java:423)
	at org.testng.SuiteRunner.privateRun(SuiteRunner.java:383)
	at org.testng.SuiteRunner.run(SuiteRunner.java:326)
	at org.testng.SuiteRunnerWorker.runSuite(SuiteRunnerWorker.java:52)
	at org.testng.SuiteRunnerWorker.run(SuiteRunnerWorker.java:95)
	at org.testng.TestNG.runSuitesSequentially(TestNG.java:1249)
	at org.testng.TestNG.runSuitesLocally(TestNG.java:1169)
	at org.testng.TestNG.runSuites(TestNG.java:1092)
	at org.testng.TestNG.run(TestNG.java:1060)
	at org.apache.maven.surefire.testng.TestNGExecutor.run(TestNGExecutor.java:324)
	at org.apache.maven.surefire.testng.TestNGXmlTestSuite.execute(TestNGXmlTestSuite.java:74)
[...]
[debug] &amp#27;[35m[WD Proxy]&amp#27;[39m Proxying [GET /appium/device/system_bars] to [GET http://127.0.0.1:8202/wd/hub/session/7f76cfd4-ca61-48fb-895e-5c48763f725d/appium/device/system_bars] with no body
[debug] &amp#27;[35m[WD Proxy]&amp#27;[39m Got response with status 200: {"sessionId":"7f76cfd4-ca61-48fb-895e-5c48763f725d","value":{"statusBar":48}}
[debug] &amp#27;[35m[WD Proxy]&amp#27;[39m Matched '/window/current/size' to command name 'getWindowSize'
[debug] &amp#27;[35m[WD Proxy]&amp#27;[39m Proxying [GET /window/current/size] to [GET http://127.0.0.1:8202/wd/hub/session/7f76cfd4-ca61-48fb-895e-5c48763f725d/window/current/size] with no body
[debug] &amp#27;[35m[WD Proxy]&amp#27;[39m Got response with status 200: {"sessionId":"7f76cfd4-ca61-48fb-895e-5c48763f725d","value":{"height":1280,"width":720}}
&amp#27;[35m[Appium]&amp#27;[39m New AndroidUiautomator2Driver session created successfully, session fa437203-4664-401f-b377-16c23a5aa7ac added to master session list
[debug] &amp#27;[35m[BaseDriver]&amp#27;[39m Event 'newSessionStarted' logged at 1656670582520 (15:46:22 GMT+0530 (India Standard Time))
[debug] &amp#27;[35m[W3C (fa437203)]&amp#27;[39m Cached the protocol value 'W3C' for the new session fa437203-4664-401f-b377-16c23a5aa7ac
[debug] &amp#27;[35m[W3C (fa437203)]&amp#27;[39m Responding to client with driver.createSession() result: {"capabilities":{"platform":"LINUX","webStorageEnabled":false,"takesScreenshot":true,"javascriptEnabled":true,"databaseEnabled":false,"networkConnectionEnabled":true,"locationContextEnabled":false,"warnings":{},"desired":{"platformName":"android","app":"C:\\Users\\admin\\eclipse-workspace\\AppiumFramework\\src\\ApiDemos-debug.apk","automationName":"uiautomator2","deviceName":"Real device ","newCommandTimeout":15,"noReset":true},"platformName":"android","app":"C:\\Users\\admin\\eclipse-workspace\\AppiumFramework\\src\\ApiDemos-debug.apk","automationName":"uiautomator2","deviceName":"4200f5fdaa5e442f","newCommandTimeout":15,"noReset":true,"deviceUDID":"4200f5fdaa5e442f","appPackage":"io.appium.android.apis","deviceApiLevel":25,"platformVersion":"7.1.1","deviceScreenSize":"720x1280","deviceScreenDensity":320,"deviceModel":"SM-G550FY","deviceManufacturer":"samsung","pixelRatio":2,"statBarHeight":48,"viewportRect":{"left":0,"top":48,"width":720,"height":1232}}}
&amp#27;[35m[HTTP]&amp#27;[39m &amp#27;[37m<-- POST /wd/hub/session &amp#27;[39m&amp#27;[32m200&amp#27;[39m &amp#27;[90m29698 ms - 1031&amp#27;[39m
&amp#27;[35m[HTTP]&amp#27;[39m &amp#27;[90m&amp#27;[39m
&amp#27;[35m[HTTP]&amp#27;[39m &amp#27;[37m-->&amp#27;[39m &amp#27;[37mPOST&amp#27;[39m &amp#27;[37m/wd/hub/session/fa437203-4664-401f-b377-16c23a5aa7ac/timeouts&amp#27;[39m
&amp#27;[35m[HTTP]&amp#27;[39m &amp#27;[90m{"implicit":10000}&amp#27;[39m
[debug] &amp#27;[35m[W3C (fa437203)]&amp#27;[39m Calling AppiumDriver.timeouts() with args: [null,null,null,null,10000,"fa437203-4664-401f-b377-16c23a5aa7ac"]
[debug] &amp#27;[35m[BaseDriver]&amp#27;[39m W3C timeout argument: {"implicit":10000}}
[debug] &amp#27;[35m[BaseDriver]&amp#27;[39m Set implicit wait to 10000ms
[debug] &amp#27;[35m[W3C (fa437203)]&amp#27;[39m Responding to client with driver.timeouts() result: null
&amp#27;[35m[HTTP]&amp#27;[39m &amp#27;[37m<-- POST /wd/hub/session/fa437203-4664-401f-b377-16c23a5aa7ac/timeouts &amp#27;[39m&amp#27;[32m200&amp#27;[39m &amp#27;[90m2 ms - 14&amp#27;[39m
&amp#27;[35m[HTTP]&amp#27;[39m &amp#27;[90m&amp#27;[39m
hiii
&amp#27;[35m[HTTP]&amp#27;[39m &amp#27;[37m-->&amp#27;[39m &amp#27;[37mGET&amp#27;[39m &amp#27;[37m/wd/hub/session/fa437203-4664-401f-b377-16c23a5aa7ac/context&amp#27;[39m
&amp#27;[35m[HTTP]&amp#27;[39m &amp#27;[90m{}&amp#27;[39m
[debug] &amp#27;[35m[W3C (fa437203)]&amp#27;[39m Calling AppiumDriver.getCurrentContext() with args: ["fa437203-4664-401f-b377-16c23a5aa7ac"]
[debug] &amp#27;[35m[W3C (fa437203)]&amp#27;[39m Responding to client with driver.getCurrentContext() result: "NATIVE_APP"
&amp#27;[35m[HTTP]&amp#27;[39m &amp#27;[37m<-- GET /wd/hub/session/fa437203-4664-401f-b377-16c23a5aa7ac/context &amp#27;[39m&amp#27;[32m200&amp#27;[39m &amp#27;[90m1 ms - 22&amp#27;[39m
&amp#27;[35m[HTTP]&amp#27;[39m &amp#27;[90m&amp#27;[39m
&amp#27;[35m[HTTP]&amp#27;[39m &amp#27;[37m-->&amp#27;[39m &amp#27;[37mPOST&amp#27;[39m &amp#27;[37m/wd/hub/session/fa437203-4664-401f-b377-16c23a5aa7ac/element&amp#27;[39m
&amp#27;[35m[HTTP]&amp#27;[39m &amp#27;[90m{"using":"xpath","value":"//android.widget.TextView[@text='Views']"}&amp#27;[39m
[debug] &amp#27;[35m[W3C (fa437203)]&amp#27;[39m Calling AppiumDriver.findElement() with args: ["xpath","//android.widget.TextView[@text='Views']","fa437203-4664-401f-b377-16c23a5aa7ac"]
[debug] &amp#27;[35m[BaseDriver]&amp#27;[39m Valid locator strategies for this request: xpath, id, class name, accessibility id, css selector, -android uiautomator
[debug] &amp#27;[35m[BaseDriver]&amp#27;[39m Waiting up to 10000 ms for condition
[debug] &amp#27;[35m[WD Proxy]&amp#27;[39m Matched '/element' to command name 'findElement'
[debug] &amp#27;[35m[WD Proxy]&amp#27;[39m Proxying [POST /element] to [POST http://127.0.0.1:8202/wd/hub/session/7f76cfd4-ca61-48fb-895e-5c48763f725d/element] with body: {"strategy":"xpath","selector":"//android.widget.TextView[@text='Views']","context":"","multiple":false}
[debug] &amp#27;[35m[WD Proxy]&amp#27;[39m Got response with status 200: {"sessionId":"7f76cfd4-ca61-48fb-895e-5c48763f725d","value":{"ELEMENT":"00000000-0000-02e6-7fff-ffff0000000e","element-6066-11e4-a52e-4f735466cecf":"00000000-0000-02e6-7fff-ffff0000000e"}}
[debug] &amp#27;[35m[W3C (fa437203)]&amp#27;[39m Responding to client with driver.findElement() result: {"element-6066-11e4-a52e-4f735466cecf":"00000000-0000-02e6-7fff-ffff0000000e","ELEMENT":"00000000-0000-02e6-7fff-ffff0000000e"}
&amp#27;[35m[HTTP]&amp#27;[39m &amp#27;[37m<-- POST /wd/hub/session/fa437203-4664-401f-b377-16c23a5aa7ac/element &amp#27;[39m&amp#27;[32m200&amp#27;[39m &amp#27;[90m891 ms - 137&amp#27;[39m
&amp#27;[35m[HTTP]&amp#27;[39m &amp#27;[90m&amp#27;[39m
&amp#27;[35m[HTTP]&amp#27;[39m &amp#27;[37m-->&amp#27;[39m &amp#27;[37mPOST&amp#27;[39m &amp#27;[37m/wd/hub/session/fa437203-4664-401f-b377-16c23a5aa7ac/element/00000000-0000-02e6-7fff-ffff0000000e/click&amp#27;[39m
&amp#27;[35m[HTTP]&amp#27;[39m &amp#27;[90m{"id":"00000000-0000-02e6-7fff-ffff0000000e"}&amp#27;[39m
[debug] &amp#27;[35m[W3C (fa437203)]&amp#27;[39m Calling AppiumDriver.click() with args: ["00000000-0000-02e6-7fff-ffff0000000e","fa437203-4664-401f-b377-16c23a5aa7ac"]
[debug] &amp#27;[35m[WD Proxy]&amp#27;[39m Matched '/element/00000000-0000-02e6-7fff-ffff0000000e/click' to command name 'click'
[debug] &amp#27;[35m[WD Proxy]&amp#27;[39m Proxying [POST /element/00000000-0000-02e6-7fff-ffff0000000e/click] to [POST http://127.0.0.1:8202/wd/hub/session/7f76cfd4-ca61-48fb-895e-5c48763f725d/element/00000000-0000-02e6-7fff-ffff0000000e/click] with body: {"element":"00000000-0000-02e6-7fff-ffff0000000e"}
[debug] &amp#27;[35m[WD Proxy]&amp#27;[39m Got response with status 200: {"sessionId":"7f76cfd4-ca61-48fb-895e-5c48763f725d","value":null}
[debug] &amp#27;[35m[W3C (fa437203)]&amp#27;[39m Responding to client with driver.click() result: null
&amp#27;[35m[HTTP]&amp#27;[39m &amp#27;[37m<-- POST /wd/hub/session/fa437203-4664-401f-b377-16c23a5aa7ac/element/00000000-0000-02e6-7fff-ffff0000000e/click &amp#27;[39m&amp#27;[32m200&amp#27;[39m &amp#27;[90m664 ms - 14&amp#27;[39m
&amp#27;[35m[HTTP]&amp#27;[39m &amp#27;[90m&amp#27;[39m
&amp#27;[35m[HTTP]&amp#27;[39m &amp#27;[37m-->&amp#27;[39m &amp#27;[37mGET&amp#27;[39m &amp#27;[37m/wd/hub/session/fa437203-4664-401f-b377-16c23a5aa7ac/context&amp#27;[39m
&amp#27;[35m[HTTP]&amp#27;[39m &amp#27;[90m{}&amp#27;[39m
[debug] &amp#27;[35m[W3C (fa437203)]&amp#27;[39m Calling AppiumDriver.getCurrentContext() with args: ["fa437203-4664-401f-b377-16c23a5aa7ac"]
[debug] &amp#27;[35m[W3C (fa437203)]&amp#27;[39m Responding to client with driver.getCurrentContext() result: "NATIVE_APP"
&amp#27;[35m[HTTP]&amp#27;[39m &amp#27;[37m<-- GET /wd/hub/session/fa437203-4664-401f-b377-16c23a5aa7ac/context &amp#27;[39m&amp#27;[32m200&amp#27;[39m &amp#27;[90m3 ms - 22&amp#27;[39m
&amp#27;[35m[HTTP]&amp#27;[39m &amp#27;[90m&amp#27;[39m
&amp#27;[35m[HTTP]&amp#27;[39m &amp#27;[37m-->&amp#27;[39m &amp#27;[37mPOST&amp#27;[39m &amp#27;[37m/wd/hub/session/fa437203-4664-401f-b377-16c23a5aa7ac/element&amp#27;[39m
&amp#27;[35m[HTTP]&amp#27;[39m &amp#27;[90m{"using":"xpath","value":"//android.widget.TextView[@text='Drag and Drop']"}&amp#27;[39m
[debug] &amp#27;[35m[W3C (fa437203)]&amp#27;[39m Calling AppiumDriver.findElement() with args: ["xpath","//android.widget.TextView[@text='Drag and Drop']","fa437203-4664-401f-b377-16c23a5aa7ac"]
[debug] &amp#27;[35m[BaseDriver]&amp#27;[39m Valid locator strategies for this request: xpath, id, class name, accessibility id, css selector, -android uiautomator
[debug] &amp#27;[35m[BaseDriver]&amp#27;[39m Waiting up to 10000 ms for condition
[debug] &amp#27;[35m[WD Proxy]&amp#27;[39m Matched '/element' to command name 'findElement'
[debug] &amp#27;[35m[WD Proxy]&amp#27;[39m Proxying [POST /element] to [POST http://127.0.0.1:8202/wd/hub/session/7f76cfd4-ca61-48fb-895e-5c48763f725d/element] with body: {"strategy":"xpath","selector":"//android.widget.TextView[@text='Drag and Drop']","context":"","multiple":false}
[debug] &amp#27;[35m[WD Proxy]&amp#27;[39m Got response with status 200: {"sessionId":"7f76cfd4-ca61-48fb-895e-5c48763f725d","value":{"ELEMENT":"00000000-0000-02e7-7fff-ffff0000001e","element-6066-11e4-a52e-4f735466cecf":"00000000-0000-02e7-7fff-ffff0000001e"}}
[debug] &amp#27;[35m[W3C (fa437203)]&amp#27;[39m Responding to client with driver.findElement() result: {"element-6066-11e4-a52e-4f735466cecf":"00000000-0000-02e7-7fff-ffff0000001e","ELEMENT":"00000000-0000-02e7-7fff-ffff0000001e"}
&amp#27;[35m[HTTP]&amp#27;[39m &amp#27;[37m<-- POST /wd/hub/session/fa437203-4664-401f-b377-16c23a5aa7ac/element &amp#27;[39m&amp#27;[32m200&amp#27;[39m &amp#27;[90m1322 ms - 137&amp#27;[39m
&amp#27;[35m[HTTP]&amp#27;[39m &amp#27;[90m&amp#27;[39m
&amp#27;[35m[HTTP]&amp#27;[39m &amp#27;[37m-->&amp#27;[39m &amp#27;[37mPOST&amp#27;[39m &amp#27;[37m/wd/hub/session/fa437203-4664-401f-b377-16c23a5aa7ac/element/00000000-0000-02e7-7fff-ffff0000001e/click&amp#27;[39m
&amp#27;[35m[HTTP]&amp#27;[39m &amp#27;[90m{"id":"00000000-0000-02e7-7fff-ffff0000001e"}&amp#27;[39m
[debug] &amp#27;[35m[W3C (fa437203)]&amp#27;[39m Calling AppiumDriver.click() with args: ["00000000-0000-02e7-7fff-ffff0000001e","fa437203-4664-401f-b377-16c23a5aa7ac"]
[debug] &amp#27;[35m[WD Proxy]&amp#27;[39m Matched '/element/00000000-0000-02e7-7fff-ffff0000001e/click' to command name 'click'
[debug] &amp#27;[35m[WD Proxy]&amp#27;[39m Proxying [POST /element/00000000-0000-02e7-7fff-ffff0000001e/click] to [POST http://127.0.0.1:8202/wd/hub/session/7f76cfd4-ca61-48fb-895e-5c48763f725d/element/00000000-0000-02e7-7fff-ffff0000001e/click] with body: {"element":"00000000-0000-02e7-7fff-ffff0000001e"}
[debug] &amp#27;[35m[WD Proxy]&amp#27;[39m Got response with status 200: {"sessionId":"7f76cfd4-ca61-48fb-895e-5c48763f725d","value":null}
[debug] &amp#27;[35m[W3C (fa437203)]&amp#27;[39m Responding to client with driver.click() result: null
&amp#27;[35m[HTTP]&amp#27;[39m &amp#27;[37m<-- POST /wd/hub/session/fa437203-4664-401f-b377-16c23a5aa7ac/element/00000000-0000-02e7-7fff-ffff0000001e/click &amp#27;[39m&amp#27;[32m200&amp#27;[39m &amp#27;[90m1802 ms - 14&amp#27;[39m
&amp#27;[35m[HTTP]&amp#27;[39m &amp#27;[90m&amp#27;[39m
&amp#27;[35m[HTTP]&amp#27;[39m &amp#27;[37m-->&amp#27;[39m &amp#27;[37mGET&amp#27;[39m &amp#27;[37m/wd/hub/session/fa437203-4664-401f-b377-16c23a5aa7ac/context&amp#27;[39m
&amp#27;[35m[HTTP]&amp#27;[39m &amp#27;[90m{}&amp#27;[39m
[debug] &amp#27;[35m[W3C (fa437203)]&amp#27;[39m Calling AppiumDriver.getCurrentContext() with args: ["fa437203-4664-401f-b377-16c23a5aa7ac"]
[debug] &amp#27;[35m[W3C (fa437203)]&amp#27;[39m Responding to client with driver.getCurrentContext() result: "NATIVE_APP"
&amp#27;[35m[HTTP]&amp#27;[39m &amp#27;[37m<-- GET /wd/hub/session/fa437203-4664-401f-b377-16c23a5aa7ac/context &amp#27;[39m&amp#27;[32m200&amp#27;[39m &amp#27;[90m4 ms - 22&amp#27;[39m
&amp#27;[35m[HTTP]&amp#27;[39m &amp#27;[90m&amp#27;[39m
&amp#27;[35m[HTTP]&amp#27;[39m &amp#27;[37m-->&amp#27;[39m &amp#27;[37mPOST&amp#27;[39m &amp#27;[37m/wd/hub/session/fa437203-4664-401f-b377-16c23a5aa7ac/element&amp#27;[39m
&amp#27;[35m[HTTP]&amp#27;[39m &amp#27;[90m{"using":"xpath","value":"//android.view.View[@index='1']"}&amp#27;[39m
[debug] &amp#27;[35m[W3C (fa437203)]&amp#27;[39m Calling AppiumDriver.findElement() with args: ["xpath","//android.view.View[@index='1']","fa437203-4664-401f-b377-16c23a5aa7ac"]
[debug] &amp#27;[35m[BaseDriver]&amp#27;[39m Valid locator strategies for this request: xpath, id, class name, accessibility id, css selector, -android uiautomator
[debug] &amp#27;[35m[BaseDriver]&amp#27;[39m Waiting up to 10000 ms for condition
[debug] &amp#27;[35m[WD Proxy]&amp#27;[39m Matched '/element' to command name 'findElement'
[debug] &amp#27;[35m[WD Proxy]&amp#27;[39m Proxying [POST /element] to [POST http://127.0.0.1:8202/wd/hub/session/7f76cfd4-ca61-48fb-895e-5c48763f725d/element] with body: {"strategy":"xpath","selector":"//android.view.View[@index='1']","context":"","multiple":false}
[debug] &amp#27;[35m[WD Proxy]&amp#27;[39m Got response with status 200: {"sessionId":"7f76cfd4-ca61-48fb-895e-5c48763f725d","value":{"ELEMENT":"00000000-0000-02e8-7fff-ffff0000002d","element-6066-11e4-a52e-4f735466cecf":"00000000-0000-02e8-7fff-ffff0000002d"}}
[debug] &amp#27;[35m[W3C (fa437203)]&amp#27;[39m Responding to client with driver.findElement() result: {"element-6066-11e4-a52e-4f735466cecf":"00000000-0000-02e8-7fff-ffff0000002d","ELEMENT":"00000000-0000-02e8-7fff-ffff0000002d"}
&amp#27;[35m[HTTP]&amp#27;[39m &amp#27;[37m<-- POST /wd/hub/session/fa437203-4664-401f-b377-16c23a5aa7ac/element &amp#27;[39m&amp#27;[32m200&amp#27;[39m &amp#27;[90m168 ms - 137&amp#27;[39m
&amp#27;[35m[HTTP]&amp#27;[39m &amp#27;[90m&amp#27;[39m
&amp#27;[35m[HTTP]&amp#27;[39m &amp#27;[37m-->&amp#27;[39m &amp#27;[37mGET&amp#27;[39m &amp#27;[37m/wd/hub/session/fa437203-4664-401f-b377-16c23a5aa7ac/context&amp#27;[39m
&amp#27;[35m[HTTP]&amp#27;[39m &amp#27;[90m{}&amp#27;[39m
[debug] &amp#27;[35m[W3C (fa437203)]&amp#27;[39m Calling AppiumDriver.getCurrentContext() with args: ["fa437203-4664-401f-b377-16c23a5aa7ac"]
[debug] &amp#27;[35m[W3C (fa437203)]&amp#27;[39m Responding to client with driver.getCurrentContext() result: "NATIVE_APP"
&amp#27;[35m[HTTP]&amp#27;[39m &amp#27;[37m<-- GET /wd/hub/session/fa437203-4664-401f-b377-16c23a5aa7ac/context &amp#27;[39m&amp#27;[32m200&amp#27;[39m &amp#27;[90m5 ms - 22&amp#27;[39m
&amp#27;[35m[HTTP]&amp#27;[39m &amp#27;[90m&amp#27;[39m
&amp#27;[35m[HTTP]&amp#27;[39m &amp#27;[37m-->&amp#27;[39m &amp#27;[37mPOST&amp#27;[39m &amp#27;[37m/wd/hub/session/fa437203-4664-401f-b377-16c23a5aa7ac/element&amp#27;[39m
&amp#27;[35m[HTTP]&amp#27;[39m &amp#27;[90m{"using":"xpath","value":"//android.view.View[@index='2']"}&amp#27;[39m
[debug] &amp#27;[35m[W3C (fa437203)]&amp#27;[39m Calling AppiumDriver.findElement() with args: ["xpath","//android.view.View[@index='2']","fa437203-4664-401f-b377-16c23a5aa7ac"]
[debug] &amp#27;[35m[BaseDriver]&amp#27;[39m Valid locator strategies for this request: xpath, id, class name, accessibility id, css selector, -android uiautomator
[debug] &amp#27;[35m[BaseDriver]&amp#27;[39m Waiting up to 10000 ms for condition
[debug] &amp#27;[35m[WD Proxy]&amp#27;[39m Matched '/element' to command name 'findElement'
[debug] &amp#27;[35m[WD Proxy]&amp#27;[39m Proxying [POST /element] to [POST http://127.0.0.1:8202/wd/hub/session/7f76cfd4-ca61-48fb-895e-5c48763f725d/element] with body: {"strategy":"xpath","selector":"//android.view.View[@index='2']","context":"","multiple":false}
[debug] &amp#27;[35m[WD Proxy]&amp#27;[39m Got response with status 200: {"sessionId":"7f76cfd4-ca61-48fb-895e-5c48763f725d","value":{"ELEMENT":"00000000-0000-02e8-7fff-ffff0000002c","element-6066-11e4-a52e-4f735466cecf":"00000000-0000-02e8-7fff-ffff0000002c"}}
[debug] &amp#27;[35m[W3C (fa437203)]&amp#27;[39m Responding to client with driver.findElement() result: {"element-6066-11e4-a52e-4f735466cecf":"00000000-0000-02e8-7fff-ffff0000002c","ELEMENT":"00000000-0000-02e8-7fff-ffff0000002c"}
&amp#27;[35m[HTTP]&amp#27;[39m &amp#27;[37m<-- POST /wd/hub/session/fa437203-4664-401f-b377-16c23a5aa7ac/element &amp#27;[39m&amp#27;[32m200&amp#27;[39m &amp#27;[90m161 ms - 137&amp#27;[39m
&amp#27;[35m[HTTP]&amp#27;[39m &amp#27;[90m&amp#27;[39m
&amp#27;[35m[HTTP]&amp#27;[39m &amp#27;[37m-->&amp#27;[39m &amp#27;[37mPOST&amp#27;[39m &amp#27;[37m/wd/hub/session/fa437203-4664-401f-b377-16c23a5aa7ac/touch/perform&amp#27;[39m
&amp#27;[35m[HTTP]&amp#27;[39m &amp#27;[90m{"actions":[{"action":"longPress","options":{"element":"00000000-0000-02e8-7fff-ffff0000002d"}},{"action":"moveTo","options":{"element":"00000000-0000-02e8-7fff-ffff0000002c"}},{"action":"release","options":{}}]}&amp#27;[39m
[debug] &amp#27;[35m[W3C (fa437203)]&amp#27;[39m Calling AppiumDriver.performTouch() with args: [[{"action":"longPress","options":{"element":"00000000-0000-02e8-7fff-ffff0000002d"}},{"action":"moveTo","options":{"element":"00000000-0000-02e8-7fff-ffff0000002c"}},{"action":"release","options":{}}],"fa437203-4664-401f-b377-16c23a5aa7ac"]
&amp#27;[35m[UiAutomator2]&amp#27;[39m calling get location: 00000000-0000-02e8-7fff-ffff0000002d
[debug] &amp#27;[35m[WD Proxy]&amp#27;[39m Matched '/element/00000000-0000-02e8-7fff-ffff0000002d/location' to command name 'getLocation'
[debug] &amp#27;[35m[WD Proxy]&amp#27;[39m Proxying [GET /element/00000000-0000-02e8-7fff-ffff0000002d/location] to [GET http://127.0.0.1:8202/wd/hub/session/7f76cfd4-ca61-48fb-895e-5c48763f725d/element/00000000-0000-02e8-7fff-ffff0000002d/location] with no body
[debug] &amp#27;[35m[WD Proxy]&amp#27;[39m Got response with status 200: {"sessionId":"7f76cfd4-ca61-48fb-895e-5c48763f725d","value":{"x":0,"y":248}}
&amp#27;[35m[UiAutomator2]&amp#27;[39m calling get location: 00000000-0000-02e8-7fff-ffff0000002c
[debug] &amp#27;[35m[WD Proxy]&amp#27;[39m Matched '/element/00000000-0000-02e8-7fff-ffff0000002c/location' to command name 'getLocation'
[debug] &amp#27;[35m[WD Proxy]&amp#27;[39m Proxying [GET /element/00000000-0000-02e8-7fff-ffff0000002c/location] to [GET http://127.0.0.1:8202/wd/hub/session/7f76cfd4-ca61-48fb-895e-5c48763f725d/element/00000000-0000-02e8-7fff-ffff0000002c/location] with no body
[debug] &amp#27;[35m[WD Proxy]&amp#27;[39m Got response with status 200: {"sessionId":"7f76cfd4-ca61-48fb-895e-5c48763f725d","value":{"x":316,"y":248}}
[debug] &amp#27;[35m[WD Proxy]&amp#27;[39m Proxying [POST /touch/drag] to [POST http://127.0.0.1:8202/wd/hub/session/7f76cfd4-ca61-48fb-895e-5c48763f725d/touch/drag] with body: {"elementId":"00000000-0000-02e8-7fff-ffff0000002d","destElId":"00000000-0000-02e8-7fff-ffff0000002c","startX":0,"startY":248,"endX":316,"endY":248,"steps":80}
[debug] &amp#27;[35m[WD Proxy]&amp#27;[39m Got response with status 200: {"sessionId":"7f76cfd4-ca61-48fb-895e-5c48763f725d","value":null}
[debug] &amp#27;[35m[W3C (fa437203)]&amp#27;[39m Responding to client with driver.performTouch() result: null
&amp#27;[35m[HTTP]&amp#27;[39m &amp#27;[37m<-- POST /wd/hub/session/fa437203-4664-401f-b377-16c23a5aa7ac/touch/perform &amp#27;[39m&amp#27;[32m200&amp#27;[39m &amp#27;[90m4575 ms - 14&amp#27;[39m
&amp#27;[35m[HTTP]&amp#27;[39m &amp#27;[90m&amp#27;[39m
]]></system-out>
    <system-err><![CDATA[Jul 01, 2022 3:46:22 PM io.appium.java_client.remote.AppiumCommandExecutor$1 lambda$0
INFO: Detected dialect: W3C
]]></system-err>
  </testcase>
</testsuite>